This is pdfTeX, Version 3.1415926-2.5-1.40.14 (MiKTeX 2.9 64-bit) (preloaded format=pdflatex 2013.8.4)  6 MAY 2014 09:48
entering extended mode
**template.tex
(F:\BTP2.0\ppt\sizil\template.tex
LaTeX2e <2011/06/27>
Babel <v3.8m> and hyphenation patterns for english, afrikaans, ancientgreek, ar
abic, armenian, assamese, basque, bengali, bokmal, bulgarian, catalan, coptic, 
croatian, czech, danish, dutch, esperanto, estonian, farsi, finnish, french, ga
lician, german, german-x-2013-05-26, greek, gujarati, hindi, hungarian, iceland
ic, indonesian, interlingua, irish, italian, kannada, kurmanji, latin, latvian,
 lithuanian, malayalam, marathi, mongolian, mongolianlmc, monogreek, ngerman, n
german-x-2013-05-26, nynorsk, oriya, panjabi, pinyin, polish, portuguese, roman
ian, russian, sanskrit, serbian, slovak, slovenian, spanish, swedish, swissgerm
an, tamil, telugu, turkish, turkmen, ukenglish, ukrainian, uppersorbian, usengl
ishmax, welsh, loaded.
("C:\Program Files\MiKTeX 2.9\tex\latex\beamer\base\beamer.cls"
("C:\Program Files\MiKTeX 2.9\tex\latex\beamer\base\beamerbasercs.sty"
Package: beamerbasercs 2013/10/18 (rcs-revision 0925de4405ff)
)
Document Class: beamer 2013/04/04 3.31 A class for typesetting presentations (r
cs-revision dca7db0ccda1)
("C:\Program Files\MiKTeX 2.9\tex\latex\beamer\base\beamerbasemodes.sty"
Package: beamerbasemodes 2013/09/03 (rcs-revision 768f2d98ca64)
\beamer@tempbox=\box26
\beamer@tempcount=\count79
\c@beamerpauses=\count80

("C:\Program Files\MiKTeX 2.9\tex\latex\beamer\base\beamerbasedecode.sty"
Package: beamerbasedecode 2010/05/01 (rcs-revision efa082c6111d)
\beamer@slideinframe=\count81
\beamer@minimum=\count82
)
\beamer@commentbox=\box27
\beamer@modecount=\count83
)
("C:\Program Files\MiKTeX 2.9\tex\generic\oberdiek\ifpdf.sty"
Package: ifpdf 2011/01/30 v2.3 Provides the ifpdf switch (HO)
Package ifpdf Info: pdfTeX in PDF mode is detected.
)
\headheight=\dimen102
\headdp=\dimen103
\footheight=\dimen104
\sidebarheight=\dimen105
\beamer@tempdim=\dimen106
\beamer@finalheight=\dimen107
\beamer@animht=\dimen108
\beamer@animdp=\dimen109
\beamer@animwd=\dimen110
\beamer@leftmargin=\dimen111
\beamer@rightmargin=\dimen112
\beamer@leftsidebar=\dimen113
\beamer@rightsidebar=\dimen114
\beamer@boxsize=\dimen115
\beamer@vboxoffset=\dimen116
\beamer@descdefault=\dimen117
\beamer@descriptionwidth=\dimen118
\beamer@lastskip=\skip41
\beamer@areabox=\box28
\beamer@animcurrent=\box29
\beamer@animshowbox=\box30
\beamer@sectionbox=\box31
\beamer@logobox=\box32
\beamer@linebox=\box33
\beamer@sectioncount=\count84
\beamer@subsubsectionmax=\count85
\beamer@subsectionmax=\count86
\beamer@sectionmax=\count87
\beamer@totalheads=\count88
\beamer@headcounter=\count89
\beamer@partstartpage=\count90
\beamer@sectionstartpage=\count91
\beamer@subsectionstartpage=\count92
\beamer@animationtempa=\count93
\beamer@animationtempb=\count94
\beamer@xpos=\count95
\beamer@ypos=\count96
\beamer@showpartnumber=\count97
\beamer@currentsubsection=\count98
\beamer@coveringdepth=\count99
\beamer@sectionadjust=\count100
\beamer@tocsectionnumber=\count101

("C:\Program Files\MiKTeX 2.9\tex\latex\beamer\base\beamerbaseoptions.sty"
Package: beamerbaseoptions 2013/03/10 (rcs-revision 47431932db0d)

("C:\Program Files\MiKTeX 2.9\tex\latex\graphics\keyval.sty"
Package: keyval 1999/03/16 v1.13 key=value parser (DPC)
\KV@toks@=\toks14
))
\beamer@paperwidth=\skip42
\beamer@paperheight=\skip43

("C:\Program Files\MiKTeX 2.9\tex\latex\geometry\geometry.sty"
Package: geometry 2010/09/12 v5.6 Page Geometry

("C:\Program Files\MiKTeX 2.9\tex\generic\oberdiek\ifvtex.sty"
Package: ifvtex 2010/03/01 v1.5 Detect VTeX and its facilities (HO)
Package ifvtex Info: VTeX not detected.
)
("C:\Program Files\MiKTeX 2.9\tex\generic\ifxetex\ifxetex.sty"
Package: ifxetex 2010/09/12 v0.6 Provides ifxetex conditional
)
\Gm@cnth=\count102
\Gm@cntv=\count103
\c@Gm@tempcnt=\count104
\Gm@bindingoffset=\dimen119
\Gm@wd@mp=\dimen120
\Gm@odd@mp=\dimen121
\Gm@even@mp=\dimen122
\Gm@layoutwidth=\dimen123
\Gm@layoutheight=\dimen124
\Gm@layouthoffset=\dimen125
\Gm@layoutvoffset=\dimen126
\Gm@dimlist=\toks15

("C:\Program Files\MiKTeX 2.9\tex\latex\geometry\geometry.cfg"))
("C:\Program Files\MiKTeX 2.9\tex\latex\base\size11.clo"
File: size11.clo 2007/10/19 v1.4h Standard LaTeX file (size option)
)
("C:\Program Files\MiKTeX 2.9\tex\latex\pgf\basiclayer\pgfcore.sty"
("C:\Program Files\MiKTeX 2.9\tex\latex\graphics\graphicx.sty"
Package: graphicx 1999/02/16 v1.0f Enhanced LaTeX Graphics (DPC,SPQR)

("C:\Program Files\MiKTeX 2.9\tex\latex\graphics\graphics.sty"
Package: graphics 2009/02/05 v1.0o Standard LaTeX Graphics (DPC,SPQR)

("C:\Program Files\MiKTeX 2.9\tex\latex\graphics\trig.sty"
Package: trig 1999/03/16 v1.09 sin cos tan (DPC)
)
("C:\Program Files\MiKTeX 2.9\tex\latex\00miktex\graphics.cfg"
File: graphics.cfg 2007/01/18 v1.5 graphics configuration of teTeX/TeXLive
)
Package graphics Info: Driver file: pdftex.def on input line 91.

("C:\Program Files\MiKTeX 2.9\tex\latex\pdftex-def\pdftex.def"
File: pdftex.def 2011/05/27 v0.06d Graphics/color for pdfTeX

("C:\Program Files\MiKTeX 2.9\tex\generic\oberdiek\infwarerr.sty"
Package: infwarerr 2010/04/08 v1.3 Providing info/warning/error messages (HO)
)
("C:\Program Files\MiKTeX 2.9\tex\generic\oberdiek\ltxcmds.sty"
Package: ltxcmds 2011/11/09 v1.22 LaTeX kernel commands for general use (HO)
)
\Gread@gobject=\count105
))
\Gin@req@height=\dimen127
\Gin@req@width=\dimen128
)
("C:\Program Files\MiKTeX 2.9\tex\latex\pgf\systemlayer\pgfsys.sty"
("C:\Program Files\MiKTeX 2.9\tex\latex\pgf\utilities\pgfrcs.sty"
("C:\Program Files\MiKTeX 2.9\tex\generic\pgf\utilities\pgfutil-common.tex"
\pgfutil@everybye=\toks16
)
("C:\Program Files\MiKTeX 2.9\tex\generic\pgf\utilities\pgfutil-latex.def"
\pgfutil@abb=\box34

("C:\Program Files\MiKTeX 2.9\tex\latex\ms\everyshi.sty"
Package: everyshi 2001/05/15 v3.00 EveryShipout Package (MS)
))
("C:\Program Files\MiKTeX 2.9\tex\generic\pgf\utilities\pgfrcs.code.tex"
Package: pgfrcs 2010/10/25 v2.10 (rcs-revision 1.24)
))
("C:\Program Files\MiKTeX 2.9\tex\generic\pgf\systemlayer\pgfsys.code.tex"
Package: pgfsys 2010/06/30 v2.10 (rcs-revision 1.37)

("C:\Program Files\MiKTeX 2.9\tex\generic\pgf\utilities\pgfkeys.code.tex"
\pgfkeys@pathtoks=\toks17
\pgfkeys@temptoks=\toks18

("C:\Program Files\MiKTeX 2.9\tex\generic\pgf\utilities\pgfkeysfiltered.code.te
x"
\pgfkeys@tmptoks=\toks19
))
\pgf@x=\dimen129
\pgf@y=\dimen130
\pgf@xa=\dimen131
\pgf@ya=\dimen132
\pgf@xb=\dimen133
\pgf@yb=\dimen134
\pgf@xc=\dimen135
\pgf@yc=\dimen136
\w@pgf@writea=\write3
\r@pgf@reada=\read1
\c@pgf@counta=\count106
\c@pgf@countb=\count107
\c@pgf@countc=\count108
\c@pgf@countd=\count109
 ("C:\Program Files\MiKTeX 2.9\tex\generic\pgf\systemlayer\pgf.cfg"
File: pgf.cfg 2008/05/14  (rcs-revision 1.7)
)
Package pgfsys Info: Driver file for pgf: pgfsys-pdftex.def on input line 900.

("C:\Program Files\MiKTeX 2.9\tex\generic\pgf\systemlayer\pgfsys-pdftex.def"
File: pgfsys-pdftex.def 2009/05/22  (rcs-revision 1.26)

("C:\Program Files\MiKTeX 2.9\tex\generic\pgf\systemlayer\pgfsys-common-pdf.def
"
File: pgfsys-common-pdf.def 2008/05/19  (rcs-revision 1.10)
)))
("C:\Program Files\MiKTeX 2.9\tex\generic\pgf\systemlayer\pgfsyssoftpath.code.t
ex"
File: pgfsyssoftpath.code.tex 2008/07/18  (rcs-revision 1.7)
\pgfsyssoftpath@smallbuffer@items=\count110
\pgfsyssoftpath@bigbuffer@items=\count111
)
("C:\Program Files\MiKTeX 2.9\tex\generic\pgf\systemlayer\pgfsysprotocol.code.t
ex"
File: pgfsysprotocol.code.tex 2006/10/16  (rcs-revision 1.4)
)) ("C:\Program Files\MiKTeX 2.9\tex\latex\xcolor\xcolor.sty"
Package: xcolor 2007/01/21 v2.11 LaTeX color extensions (UK)

("C:\Program Files\MiKTeX 2.9\tex\latex\00miktex\color.cfg"
File: color.cfg 2007/01/18 v1.5 color configuration of teTeX/TeXLive
)
Package xcolor Info: Driver file: pdftex.def on input line 225.
Package xcolor Info: Model `cmy' substituted by `cmy0' on input line 1337.
Package xcolor Info: Model `hsb' substituted by `rgb' on input line 1341.
Package xcolor Info: Model `RGB' extended on input line 1353.
Package xcolor Info: Model `HTML' substituted by `rgb' on input line 1355.
Package xcolor Info: Model `Hsb' substituted by `hsb' on input line 1356.
Package xcolor Info: Model `tHsb' substituted by `hsb' on input line 1357.
Package xcolor Info: Model `HSB' substituted by `hsb' on input line 1358.
Package xcolor Info: Model `Gray' substituted by `gray' on input line 1359.
Package xcolor Info: Model `wave' substituted by `hsb' on input line 1360.
)
("C:\Program Files\MiKTeX 2.9\tex\generic\pgf\basiclayer\pgfcore.code.tex"
Package: pgfcore 2010/04/11 v2.10 (rcs-revision 1.7)

("C:\Program Files\MiKTeX 2.9\tex\generic\pgf\math\pgfmath.code.tex"
("C:\Program Files\MiKTeX 2.9\tex\generic\pgf\math\pgfmathcalc.code.tex"
("C:\Program Files\MiKTeX 2.9\tex\generic\pgf\math\pgfmathutil.code.tex")
("C:\Program Files\MiKTeX 2.9\tex\generic\pgf\math\pgfmathparser.code.tex"
\pgfmath@dimen=\dimen137
\pgfmath@count=\count112
\pgfmath@box=\box35
\pgfmath@toks=\toks20
\pgfmath@stack@operand=\toks21
\pgfmath@stack@operation=\toks22
)
("C:\Program Files\MiKTeX 2.9\tex\generic\pgf\math\pgfmathfunctions.code.tex"
("C:\Program Files\MiKTeX 2.9\tex\generic\pgf\math\pgfmathfunctions.basic.code.
tex")
("C:\Program Files\MiKTeX 2.9\tex\generic\pgf\math\pgfmathfunctions.trigonometr
ic.code.tex")
("C:\Program Files\MiKTeX 2.9\tex\generic\pgf\math\pgfmathfunctions.random.code
.tex")
("C:\Program Files\MiKTeX 2.9\tex\generic\pgf\math\pgfmathfunctions.comparison.
code.tex")
("C:\Program Files\MiKTeX 2.9\tex\generic\pgf\math\pgfmathfunctions.base.code.t
ex")
("C:\Program Files\MiKTeX 2.9\tex\generic\pgf\math\pgfmathfunctions.round.code.
tex")
("C:\Program Files\MiKTeX 2.9\tex\generic\pgf\math\pgfmathfunctions.misc.code.t
ex"))) ("C:\Program Files\MiKTeX 2.9\tex\generic\pgf\math\pgfmathfloat.code.tex
"
\c@pgfmathroundto@lastzeros=\count113
))
("C:\Program Files\MiKTeX 2.9\tex\generic\pgf\basiclayer\pgfcorepoints.code.tex
"
File: pgfcorepoints.code.tex 2010/04/09  (rcs-revision 1.20)
\pgf@picminx=\dimen138
\pgf@picmaxx=\dimen139
\pgf@picminy=\dimen140
\pgf@picmaxy=\dimen141
\pgf@pathminx=\dimen142
\pgf@pathmaxx=\dimen143
\pgf@pathminy=\dimen144
\pgf@pathmaxy=\dimen145
\pgf@xx=\dimen146
\pgf@xy=\dimen147
\pgf@yx=\dimen148
\pgf@yy=\dimen149
\pgf@zx=\dimen150
\pgf@zy=\dimen151
)
("C:\Program Files\MiKTeX 2.9\tex\generic\pgf\basiclayer\pgfcorepathconstruct.c
ode.tex"
File: pgfcorepathconstruct.code.tex 2010/08/03  (rcs-revision 1.24)
\pgf@path@lastx=\dimen152
\pgf@path@lasty=\dimen153
)
("C:\Program Files\MiKTeX 2.9\tex\generic\pgf\basiclayer\pgfcorepathusage.code.
tex"
File: pgfcorepathusage.code.tex 2008/04/22  (rcs-revision 1.12)
\pgf@shorten@end@additional=\dimen154
\pgf@shorten@start@additional=\dimen155
)
("C:\Program Files\MiKTeX 2.9\tex\generic\pgf\basiclayer\pgfcorescopes.code.tex
"
File: pgfcorescopes.code.tex 2010/09/08  (rcs-revision 1.34)
\pgfpic=\box36
\pgf@hbox=\box37
\pgf@layerbox@main=\box38
\pgf@picture@serial@count=\count114
)
("C:\Program Files\MiKTeX 2.9\tex\generic\pgf\basiclayer\pgfcoregraphicstate.co
de.tex"
File: pgfcoregraphicstate.code.tex 2008/04/22  (rcs-revision 1.9)
\pgflinewidth=\dimen156
)
("C:\Program Files\MiKTeX 2.9\tex\generic\pgf\basiclayer\pgfcoretransformations
.code.tex"
File: pgfcoretransformations.code.tex 2009/06/10  (rcs-revision 1.11)
\pgf@pt@x=\dimen157
\pgf@pt@y=\dimen158
\pgf@pt@temp=\dimen159
)
("C:\Program Files\MiKTeX 2.9\tex\generic\pgf\basiclayer\pgfcorequick.code.tex"
File: pgfcorequick.code.tex 2008/10/09  (rcs-revision 1.3)
)
("C:\Program Files\MiKTeX 2.9\tex\generic\pgf\basiclayer\pgfcoreobjects.code.te
x"
File: pgfcoreobjects.code.tex 2006/10/11  (rcs-revision 1.2)
)
("C:\Program Files\MiKTeX 2.9\tex\generic\pgf\basiclayer\pgfcorepathprocessing.
code.tex"
File: pgfcorepathprocessing.code.tex 2008/10/09  (rcs-revision 1.8)
)
("C:\Program Files\MiKTeX 2.9\tex\generic\pgf\basiclayer\pgfcorearrows.code.tex
"
File: pgfcorearrows.code.tex 2008/04/23  (rcs-revision 1.11)
)
("C:\Program Files\MiKTeX 2.9\tex\generic\pgf\basiclayer\pgfcoreshade.code.tex"
File: pgfcoreshade.code.tex 2008/11/23  (rcs-revision 1.13)
\pgf@max=\dimen160
\pgf@sys@shading@range@num=\count115
) ("C:\Program Files\MiKTeX 2.9\tex\generic\pgf\basiclayer\pgfcoreimage.code.te
x"
File: pgfcoreimage.code.tex 2010/03/25  (rcs-revision 1.16)

("C:\Program Files\MiKTeX 2.9\tex\generic\pgf\basiclayer\pgfcoreexternal.code.t
ex"
File: pgfcoreexternal.code.tex 2010/09/01  (rcs-revision 1.17)
\pgfexternal@startupbox=\box39
))
("C:\Program Files\MiKTeX 2.9\tex\generic\pgf\basiclayer\pgfcorelayers.code.tex
"
File: pgfcorelayers.code.tex 2010/08/27  (rcs-revision 1.2)
)
("C:\Program Files\MiKTeX 2.9\tex\generic\pgf\basiclayer\pgfcoretransparency.co
de.tex"
File: pgfcoretransparency.code.tex 2008/01/17  (rcs-revision 1.2)
)
("C:\Program Files\MiKTeX 2.9\tex\generic\pgf\basiclayer\pgfcorepatterns.code.t
ex"
File: pgfcorepatterns.code.tex 2009/07/02  (rcs-revision 1.3)
))) ("C:\Program Files\MiKTeX 2.9\tex\latex\pgf\utilities\xxcolor.sty"
Package: xxcolor 2003/10/24 ver 0.1
\XC@nummixins=\count116
\XC@countmixins=\count117
)
("C:\Program Files\MiKTeX 2.9\tex\latex\hyperref\hyperref.sty"
Package: hyperref 2012/11/06 v6.83m Hypertext links for LaTeX

("C:\Program Files\MiKTeX 2.9\tex\generic\oberdiek\hobsub-hyperref.sty"
Package: hobsub-hyperref 2012/04/25 v1.12 Bundle oberdiek, subset hyperref (HO)


("C:\Program Files\MiKTeX 2.9\tex\generic\oberdiek\hobsub-generic.sty"
Package: hobsub-generic 2012/04/25 v1.12 Bundle oberdiek, subset generic (HO)
Package: hobsub 2012/04/25 v1.12 Construct package bundles (HO)
Package hobsub Info: Skipping package `infwarerr' (already loaded).
Package hobsub Info: Skipping package `ltxcmds' (already loaded).
Package: ifluatex 2010/03/01 v1.3 Provides the ifluatex switch (HO)
Package ifluatex Info: LuaTeX not detected.
Package hobsub Info: Skipping package `ifvtex' (already loaded).
Package: intcalc 2007/09/27 v1.1 Expandable calculations with integers (HO)
Package hobsub Info: Skipping package `ifpdf' (already loaded).
Package: etexcmds 2011/02/16 v1.5 Avoid name clashes with e-TeX commands (HO)
Package etexcmds Info: Could not find \expanded.
(etexcmds)             That can mean that you are not using pdfTeX 1.50 or
(etexcmds)             that some package has redefined \expanded.
(etexcmds)             In the latter case, load this package earlier.
Package: kvsetkeys 2012/04/25 v1.16 Key value parser (HO)
Package: kvdefinekeys 2011/04/07 v1.3 Define keys (HO)
Package: pdftexcmds 2011/11/29 v0.20 Utility functions of pdfTeX for LuaTeX (HO
)
Package pdftexcmds Info: LuaTeX not detected.
Package pdftexcmds Info: \pdf@primitive is available.
Package pdftexcmds Info: \pdf@ifprimitive is available.
Package pdftexcmds Info: \pdfdraftmode found.
Package: pdfescape 2011/11/25 v1.13 Implements pdfTeX's escape features (HO)
Package: bigintcalc 2012/04/08 v1.3 Expandable calculations on big integers (HO
)
Package: bitset 2011/01/30 v1.1 Handle bit-vector datatype (HO)
Package: uniquecounter 2011/01/30 v1.2 Provide unlimited unique counter (HO)
)
Package hobsub Info: Skipping package `hobsub' (already loaded).
Package: letltxmacro 2010/09/02 v1.4 Let assignment for LaTeX macros (HO)
Package: hopatch 2011/06/24 v1.1 Wrapper for package hooks (HO)
Package: xcolor-patch 2011/01/30 xcolor patch
Package: atveryend 2011/06/30 v1.8 Hooks at the very end of document (HO)
Package atveryend Info: \enddocument detected (standard20110627).
Package: atbegshi 2011/10/05 v1.16 At begin shipout hook (HO)
Package: refcount 2011/10/16 v3.4 Data extraction from label references (HO)
Package: hycolor 2011/01/30 v1.7 Color options for hyperref/bookmark (HO)
)
("C:\Program Files\MiKTeX 2.9\tex\latex\oberdiek\auxhook.sty"
Package: auxhook 2011/03/04 v1.3 Hooks for auxiliary files (HO)
)
("C:\Program Files\MiKTeX 2.9\tex\latex\oberdiek\kvoptions.sty"
Package: kvoptions 2011/06/30 v3.11 Key value format for package options (HO)
)
\@linkdim=\dimen161
\Hy@linkcounter=\count118
\Hy@pagecounter=\count119

("C:\Program Files\MiKTeX 2.9\tex\latex\hyperref\pd1enc.def"
File: pd1enc.def 2012/11/06 v6.83m Hyperref: PDFDocEncoding definition (HO)
)
\Hy@SavedSpaceFactor=\count120

("C:\Program Files\MiKTeX 2.9\tex\latex\00miktex\hyperref.cfg"
File: hyperref.cfg 2002/06/06 v1.2 hyperref configuration of TeXLive
)
Package hyperref Info: Option `bookmarks' set `true' on input line 4319.
Package hyperref Info: Option `bookmarksopen' set `true' on input line 4319.
Package hyperref Info: Option `implicit' set `false' on input line 4319.
Package hyperref Info: Hyper figures OFF on input line 4443.
Package hyperref Info: Link nesting OFF on input line 4448.
Package hyperref Info: Hyper index ON on input line 4451.
Package hyperref Info: Plain pages OFF on input line 4458.
Package hyperref Info: Backreferencing OFF on input line 4463.
Package hyperref Info: Implicit mode OFF; no redefinition of LaTeX internals.
Package hyperref Info: Bookmarks ON on input line 4688.
\c@Hy@tempcnt=\count121

("C:\Program Files\MiKTeX 2.9\tex\latex\url\url.sty"
\Urlmuskip=\muskip10
Package: url 2006/04/12  ver 3.3  Verb mode for urls, etc.
)
LaTeX Info: Redefining \url on input line 5041.
\XeTeXLinkMargin=\dimen162
\Fld@menulength=\count122
\Field@Width=\dimen163
\Fld@charsize=\dimen164
Package hyperref Info: Hyper figures OFF on input line 6295.
Package hyperref Info: Link nesting OFF on input line 6300.
Package hyperref Info: Hyper index ON on input line 6303.
Package hyperref Info: backreferencing OFF on input line 6310.
Package hyperref Info: Link coloring OFF on input line 6315.
Package hyperref Info: Link coloring with OCG OFF on input line 6320.
Package hyperref Info: PDF/A mode OFF on input line 6325.
LaTeX Info: Redefining \ref on input line 6365.
LaTeX Info: Redefining \pageref on input line 6369.
\Hy@abspage=\count123


Package hyperref Message: Stopped early.

)

Package hyperref Message: Driver (autodetected): hpdftex.

("C:\Program Files\MiKTeX 2.9\tex\latex\hyperref\hpdftex.def"
File: hpdftex.def 2012/11/06 v6.83m Hyperref driver for pdfTeX
\Fld@listcount=\count124
\c@bookmark@seq@number=\count125

("C:\Program Files\MiKTeX 2.9\tex\latex\oberdiek\rerunfilecheck.sty"
Package: rerunfilecheck 2011/04/15 v1.7 Rerun checks for auxiliary files (HO)
Package uniquecounter Info: New unique counter `rerunfilecheck' on input line 2
82.
))
("C:\Program Files\MiKTeX 2.9\tex\latex\beamer\base\beamerbaserequires.sty"
Package: beamerbaserequires 2010/05/01  (rcs-revision efa082c6111d)

("C:\Program Files\MiKTeX 2.9\tex\latex\beamer\base\beamerbasecompatibility.sty
"
Package: beamerbasecompatibility 2012/05/01  (rcs-revision 67c48b3b652d)
) ("C:\Program Files\MiKTeX 2.9\tex\latex\beamer\base\beamerbasefont.sty"
Package: beamerbasefont 2013/10/18  (rcs-revision 72f39e01808a)

("C:\Program Files\MiKTeX 2.9\tex\latex\amsfonts\amssymb.sty"
Package: amssymb 2013/01/14 v3.01 AMS font symbols

("C:\Program Files\MiKTeX 2.9\tex\latex\amsfonts\amsfonts.sty"
Package: amsfonts 2013/01/14 v3.01 Basic AMSFonts support
\@emptytoks=\toks23
\symAMSa=\mathgroup4
\symAMSb=\mathgroup5
LaTeX Font Info:    Overwriting math alphabet `\mathfrak' in version `bold'
(Font)                  U/euf/m/n --> U/euf/b/n on input line 106.
))
("C:\Program Files\MiKTeX 2.9\tex\latex\sansmathaccent\sansmathaccent.sty"
Package: sansmathaccent 2013/03/28

("C:\Program Files\MiKTeX 2.9\tex\latex\filehook\filehook.sty"
Package: filehook 2011/10/12 v0.5d Hooks for input files
)))
("C:\Program Files\MiKTeX 2.9\tex\latex\beamer\base\beamerbasetranslator.sty"
Package: beamerbasetranslator 2010/06/11  (rcs-revision 85fd1cc7fc42)

("C:\Program Files\MiKTeX 2.9\tex\latex\beamer\base\translator\translator.sty"
Package: translator 2010/06/12 ver 1.10

("C:\Program Files\MiKTeX 2.9\tex\latex\beamer\base\translator\translator-langu
age-mappings.tex")))
("C:\Program Files\MiKTeX 2.9\tex\latex\beamer\base\beamerbasemisc.sty"
Package: beamerbasemisc 2013/09/03  (rcs-revision a55719c41d85)
)
("C:\Program Files\MiKTeX 2.9\tex\latex\beamer\base\beamerbasetwoscreens.sty"
Package: beamerbasetwoscreens 2010/05/01  (rcs-revision efa082c6111d)
)
("C:\Program Files\MiKTeX 2.9\tex\latex\beamer\base\beamerbaseoverlay.sty"
Package: beamerbaseoverlay 2012/11/11  (rcs-revision 6afbc49b1109)
\beamer@argscount=\count126
\beamer@lastskipcover=\skip44
\beamer@trivlistdepth=\count127
)
("C:\Program Files\MiKTeX 2.9\tex\latex\beamer\base\beamerbasetitle.sty"
Package: beamerbasetitle 2010/09/21  (rcs-revision f0446ed0b6ae)
)
("C:\Program Files\MiKTeX 2.9\tex\latex\beamer\base\beamerbasesection.sty"
Package: beamerbasesection 2013/06/07  (rcs-revision 60b9fe0f342f)
\c@lecture=\count128
\c@part=\count129
\c@section=\count130
\c@subsection=\count131
\c@subsubsection=\count132
)
("C:\Program Files\MiKTeX 2.9\tex\latex\beamer\base\beamerbaseframe.sty"
Package: beamerbaseframe 2013/10/02  (rcs-revision cdc8e9a3aaac)
\beamer@framebox=\box40
\beamer@frametitlebox=\box41
\beamer@zoombox=\box42
\beamer@zoomcount=\count133
\beamer@zoomframecount=\count134
\beamer@frametextheight=\dimen165
\c@subsectionslide=\count135
\beamer@frametopskip=\skip45
\beamer@framebottomskip=\skip46
\beamer@frametopskipautobreak=\skip47
\beamer@framebottomskipautobreak=\skip48
\beamer@envbody=\toks24
\framewidth=\dimen166
\c@framenumber=\count136
)
("C:\Program Files\MiKTeX 2.9\tex\latex\beamer\base\beamerbaseverbatim.sty"
Package: beamerbaseverbatim 2012/08/30  (rcs-revision dfdb135076b3)
\beamer@verbatimfileout=\write4
)
("C:\Program Files\MiKTeX 2.9\tex\latex\beamer\base\beamerbaseframesize.sty"
Package: beamerbaseframesize 2011/09/12  (rcs-revision 70f9d8411e54)
\beamer@splitbox=\box43
\beamer@autobreakcount=\count137
\beamer@autobreaklastheight=\dimen167
\beamer@frametitletoks=\toks25
\beamer@framesubtitletoks=\toks26
)
("C:\Program Files\MiKTeX 2.9\tex\latex\beamer\base\beamerbaseframecomponents.s
ty"
Package: beamerbaseframecomponents 2013/10/04  (rcs-revision ea094b4278bd)
\beamer@footins=\box44
) ("C:\Program Files\MiKTeX 2.9\tex\latex\beamer\base\beamerbasecolor.sty"
Package: beamerbasecolor 2010/06/06  (rcs-revision d1a9b48be06d)
)
("C:\Program Files\MiKTeX 2.9\tex\latex\beamer\base\beamerbasenotes.sty"
Package: beamerbasenotes 2012/12/19  (rcs-revision 1686da3db3c9)
\beamer@frameboxcopy=\box45
)
("C:\Program Files\MiKTeX 2.9\tex\latex\beamer\base\beamerbasetoc.sty"
Package: beamerbasetoc 2013/05/23  (rcs-revision 0fdf5bc43be8)
)
("C:\Program Files\MiKTeX 2.9\tex\latex\beamer\base\beamerbasetemplates.sty"
Package: beamerbasetemplates 2010/05/01  (rcs-revision efa082c6111d)
\beamer@sbttoks=\toks27

("C:\Program Files\MiKTeX 2.9\tex\latex\beamer\base\beamerbaseauxtemplates.sty"
Package: beamerbaseauxtemplates 2013/09/04  (rcs-revision 4ac715c499d0)
("C:\Program Files\MiKTeX 2.9\tex\latex\beamer\base\beamerbaseboxes.sty"
Package: beamerbaseboxes 2012/05/13  (rcs-revision 56972908a390)
\bmb@box=\box46
\bmb@colorbox=\box47
\bmb@boxshadow=\box48
\bmb@boxshadowball=\box49
\bmb@boxshadowballlarge=\box50
\bmb@temp=\dimen168
\bmb@dima=\dimen169
\bmb@dimb=\dimen170
\bmb@prevheight=\dimen171
)
\beamer@blockheadheight=\dimen172
))
("C:\Program Files\MiKTeX 2.9\tex\latex\beamer\base\beamerbaselocalstructure.st
y"
Package: beamerbaselocalstructure 2013/09/04  (rcs-revision 4ac715c499d0)
 ("C:\Program Files\MiKTeX 2.9\tex\latex\tools\enumerate.sty"
Package: enumerate 1999/03/05 v3.00 enumerate extensions (DPC)
\@enLab=\toks28
)
\c@figure=\count138
\c@table=\count139
\abovecaptionskip=\skip49
\belowcaptionskip=\skip50
)
("C:\Program Files\MiKTeX 2.9\tex\latex\beamer\base\beamerbasenavigation.sty"
Package: beamerbasenavigation 2013/10/05  (rcs-revision 62be157fe783)
\beamer@section@min@dim=\dimen173
)
("C:\Program Files\MiKTeX 2.9\tex\latex\beamer\base\beamerbasetheorems.sty"
Package: beamerbasetheorems 2010/06/06  (rcs-revision 7e7cc5e53e9d)

("C:\Program Files\MiKTeX 2.9\tex\latex\amsmath\amsmath.sty"
Package: amsmath 2013/01/14 v2.14 AMS math features
\@mathmargin=\skip51

For additional information on amsmath, use the `?' option.
("C:\Program Files\MiKTeX 2.9\tex\latex\amsmath\amstext.sty"
Package: amstext 2000/06/29 v2.01

("C:\Program Files\MiKTeX 2.9\tex\latex\amsmath\amsgen.sty"
File: amsgen.sty 1999/11/30 v2.0
\@emptytoks=\toks29
\ex@=\dimen174
))
("C:\Program Files\MiKTeX 2.9\tex\latex\amsmath\amsbsy.sty"
Package: amsbsy 1999/11/29 v1.2d
\pmbraise@=\dimen175
)
("C:\Program Files\MiKTeX 2.9\tex\latex\amsmath\amsopn.sty"
Package: amsopn 1999/12/14 v2.01 operator names
)
\inf@bad=\count140
LaTeX Info: Redefining \frac on input line 210.
\uproot@=\count141
\leftroot@=\count142
LaTeX Info: Redefining \overline on input line 306.
\classnum@=\count143
\DOTSCASE@=\count144
LaTeX Info: Redefining \ldots on input line 378.
LaTeX Info: Redefining \dots on input line 381.
LaTeX Info: Redefining \cdots on input line 466.
\Mathstrutbox@=\box51
\strutbox@=\box52
\big@size=\dimen176
LaTeX Font Info:    Redeclaring font encoding OML on input line 566.
LaTeX Font Info:    Redeclaring font encoding OMS on input line 567.
\macc@depth=\count145
\c@MaxMatrixCols=\count146
\dotsspace@=\muskip11
\c@parentequation=\count147
\dspbrk@lvl=\count148
\tag@help=\toks30
\row@=\count149
\column@=\count150
\maxfields@=\count151
\andhelp@=\toks31
\eqnshift@=\dimen177
\alignsep@=\dimen178
\tagshift@=\dimen179
\tagwidth@=\dimen180
\totwidth@=\dimen181
\lineht@=\dimen182
\@envbody=\toks32
\multlinegap=\skip52
\multlinetaggap=\skip53
\mathdisplay@stack=\toks33
LaTeX Info: Redefining \[ on input line 2665.
LaTeX Info: Redefining \] on input line 2666.
)
("C:\Program Files\MiKTeX 2.9\tex\latex\amscls\amsthm.sty"
Package: amsthm 2004/08/06 v2.20
\thm@style=\toks34
\thm@bodyfont=\toks35
\thm@headfont=\toks36
\thm@notefont=\toks37
\thm@headpunct=\toks38
\thm@preskip=\skip54
\thm@postskip=\skip55
\thm@headsep=\skip56
\dth@everypar=\toks39
)
\c@theorem=\count152
)
("C:\Program Files\MiKTeX 2.9\tex\latex\beamer\base\beamerbasethemes.sty"
Package: beamerbasethemes 2010/05/01  (rcs-revision efa082c6111d)
))
("C:\Program Files\MiKTeX 2.9\tex\latex\beamer\base\themes\theme\beamerthemedef
ault.sty"
Package: beamerthemedefault 2010/06/17  (rcs-revision d02a7cf4d8ae)

("C:\Program Files\MiKTeX 2.9\tex\latex\beamer\base\themes\font\beamerfonttheme
default.sty"
Package: beamerfontthemedefault 2012/12/19  (rcs-revision 1686da3db3c9)
)
("C:\Program Files\MiKTeX 2.9\tex\latex\beamer\base\themes\color\beamercolorthe
medefault.sty"
Package: beamercolorthemedefault 2012/12/19  (rcs-revision 1686da3db3c9)
)
("C:\Program Files\MiKTeX 2.9\tex\latex\beamer\base\themes\inner\beamerinnerthe
medefault.sty"
Package: beamerinnerthemedefault 2013/10/15  (rcs-revision 65cb471f9634)
\beamer@dima=\dimen183
\beamer@dimb=\dimen184
)
("C:\Program Files\MiKTeX 2.9\tex\latex\beamer\base\themes\outer\beamerouterthe
medefault.sty"
Package: beamerouterthemedefault 2012/12/19  (rcs-revision 1686da3db3c9)
)))
("C:\Program Files\MiKTeX 2.9\tex\latex\beamer\base\themes\theme\beamerthemeMad
rid.sty"
Package: beamerthemeMadrid 2010/06/17  (rcs-revision d02a7cf4d8ae)

("C:\Program Files\MiKTeX 2.9\tex\latex\beamer\base\themes\color\beamercolorthe
mewhale.sty"
Package: beamercolorthemewhale 2010/06/17  (rcs-revision d02a7cf4d8ae)
)
("C:\Program Files\MiKTeX 2.9\tex\latex\beamer\base\themes\color\beamercolorthe
meorchid.sty"
Package: beamercolorthemeorchid 2010/06/17  (rcs-revision d02a7cf4d8ae)
)
("C:\Program Files\MiKTeX 2.9\tex\latex\beamer\base\themes\inner\beamerinnerthe
merounded.sty"
Package: beamerinnerthemerounded 2010/06/17  (rcs-revision d02a7cf4d8ae)
)
("C:\Program Files\MiKTeX 2.9\tex\latex\beamer\base\themes\outer\beamerouterthe
meinfolines.sty"
Package: beamerouterthemeinfolines 2012/10/16  (rcs-revision 51a8c72084af)
)) ("C:\Program Files\MiKTeX 2.9\tex\latex\listings\listings.sty"
\lst@mode=\count153
\lst@gtempboxa=\box53
\lst@token=\toks40
\lst@length=\count154
\lst@currlwidth=\dimen185
\lst@column=\count155
\lst@pos=\count156
\lst@lostspace=\dimen186
\lst@width=\dimen187
\lst@newlines=\count157
\lst@lineno=\count158
\lst@maxwidth=\dimen188
 ("C:\Program Files\MiKTeX 2.9\tex\latex\listings\lstmisc.sty"
File: lstmisc.sty 2013/08/26 1.5b (Carsten Heinz)
\c@lstnumber=\count159
\lst@skipnumbers=\count160
\lst@framebox=\box54
)
("C:\Program Files\MiKTeX 2.9\tex\latex\listings\listings.cfg"
File: listings.cfg 2013/08/26 1.5b listings configuration
))
Package: listings 2013/08/26 1.5b (Carsten Heinz)

("C:\Program Files\MiKTeX 2.9\tex\latex\float\float.sty"
Package: float 2001/11/08 v1.3d Float enhancements (AL)
\c@float@type=\count161
\float@exts=\toks41
\float@box=\box55
\@float@everytoks=\toks42
\@floatcapt=\box56
)
("C:\Program Files\MiKTeX 2.9\tex\latex\subfigure\subfigure.sty"
Package: subfigure 2002/07/30 v2.1.4 subfigure package
\subfigtopskip=\skip57
\subfigcapskip=\skip58
\subfigcaptopadj=\dimen189
\subfigbottomskip=\skip59
\subfigcapmargin=\dimen190
\subfiglabelskip=\skip60
\c@subfigure=\count162
\c@lofdepth=\count163
\c@subtable=\count164
\c@lotdepth=\count165

****************************************
* Local config file subfigure.cfg used *
****************************************
("C:\Program Files\MiKTeX 2.9\tex\latex\subfigure\subfigure.cfg")
\subfig@top=\skip61
\subfig@bottom=\skip62
)
("C:\Program Files\MiKTeX 2.9\tex\latex\algorithm2e\algorithm2e.sty"
Package: algorithm2e 2013/01/06 v5.00 algorithms environments
\c@AlgoLine=\count166

("C:\Program Files\MiKTeX 2.9\tex\latex\base\ifthen.sty"
Package: ifthen 2001/05/26 v1.1c Standard LaTeX ifthen package (DPC)
)
("C:\Program Files\MiKTeX 2.9\tex\latex\tools\xspace.sty"
Package: xspace 2009/10/20 v1.13 Space after command names (DPC,MH)
)
("C:\Program Files\MiKTeX 2.9\tex\latex\ltxmisc\relsize.sty"
Package: relsize 2003/07/04 ver 3.1
)
********************************************************
Package `algorithm2e' Release 5.0 -- january 06 2013 --
- algorithm2e-announce@lirmm.fr mailing list for announcement about releases
- algorithm2e-discussion@lirmm.fr mailing list for discussion about package
subscribe by emailing sympa@lirmm.fr with 'subscribe <list> <firstname name>'
- Author: Christophe Fiorio (cfiorio@um2.fr)
********************************************************
\skiptotal=\skip63
\skiplinenumber=\skip64
\skiprule=\skip65
\skiphlne=\skip66
\skiptext=\skip67
\skiplength=\skip68
\algomargin=\skip69
\skipalgocfslide=\skip70
\algowidth=\dimen191
\inoutsize=\dimen192
\inoutindent=\dimen193
\interspacetitleruled=\dimen194
\interspacealgoruled=\dimen195
\interspacetitleboxruled=\dimen196
\algocf@inoutbox=\box57
\algocf@inputbox=\box58
\AlCapSkip=\skip71
\AlCapHSkip=\skip72
\algoskipindent=\skip73
\algocf@nlbox=\box59
\algocf@hangingbox=\box60
\algocf@untilbox=\box61
\algocf@skipuntil=\skip74
\algocf@capbox=\box62
\algoheightruledefault=\skip75
\algoheightrule=\skip76
\algotitleheightruledefault=\skip77
\algotitleheightrule=\skip78
\c@algocfline=\count167
\c@algocfproc=\count168
\c@algocf=\count169
\algocf@algoframe=\box63
\algocf@algobox=\box64
) ("C:\Program Files\MiKTeX 2.9\tex\latex\pgf\frontendlayer\tikz.sty"
("C:\Program Files\MiKTeX 2.9\tex\latex\pgf\basiclayer\pgf.sty"
Package: pgf 2008/01/15 v2.10 (rcs-revision 1.12)

("C:\Program Files\MiKTeX 2.9\tex\generic\pgf\modules\pgfmoduleshapes.code.tex"
File: pgfmoduleshapes.code.tex 2010/09/09  (rcs-revision 1.13)
\pgfnodeparttextbox=\box65
) ("C:\Program Files\MiKTeX 2.9\tex\generic\pgf\modules\pgfmoduleplot.code.tex"
File: pgfmoduleplot.code.tex 2010/10/22  (rcs-revision 1.8)
)
("C:\Program Files\MiKTeX 2.9\tex\latex\pgf\compatibility\pgfcomp-version-0-65.
sty"
Package: pgfcomp-version-0-65 2007/07/03 v2.10 (rcs-revision 1.7)
\pgf@nodesepstart=\dimen197
\pgf@nodesepend=\dimen198
)
("C:\Program Files\MiKTeX 2.9\tex\latex\pgf\compatibility\pgfcomp-version-1-18.
sty"
Package: pgfcomp-version-1-18 2007/07/23 v2.10 (rcs-revision 1.1)
)) ("C:\Program Files\MiKTeX 2.9\tex\latex\pgf\utilities\pgffor.sty"
("C:\Program Files\MiKTeX 2.9\tex\latex\pgf\utilities\pgfkeys.sty"
("C:\Program Files\MiKTeX 2.9\tex\generic\pgf\utilities\pgfkeys.code.tex"))
("C:\Program Files\MiKTeX 2.9\tex\generic\pgf\utilities\pgffor.code.tex"
Package: pgffor 2010/03/23 v2.10 (rcs-revision 1.18)
\pgffor@iter=\dimen199
\pgffor@skip=\dimen200
\pgffor@stack=\toks43
\pgffor@toks=\toks44
))
("C:\Program Files\MiKTeX 2.9\tex\generic\pgf\frontendlayer\tikz\tikz.code.tex"
Package: tikz 2010/10/13 v2.10 (rcs-revision 1.76)

("C:\Program Files\MiKTeX 2.9\tex\generic\pgf\libraries\pgflibraryplothandlers.
code.tex"
File: pgflibraryplothandlers.code.tex 2010/05/31 v2.10 (rcs-revision 1.15)
\pgf@plot@mark@count=\count170
\pgfplotmarksize=\dimen201
)
\tikz@lastx=\dimen202
\tikz@lasty=\dimen203
\tikz@lastxsaved=\dimen204
\tikz@lastysaved=\dimen205
\tikzleveldistance=\dimen206
\tikzsiblingdistance=\dimen207
\tikz@figbox=\box66
\tikz@tempbox=\box67
\tikztreelevel=\count171
\tikznumberofchildren=\count172
\tikznumberofcurrentchild=\count173
\tikz@fig@count=\count174

("C:\Program Files\MiKTeX 2.9\tex\generic\pgf\modules\pgfmodulematrix.code.tex"
File: pgfmodulematrix.code.tex 2010/08/24  (rcs-revision 1.4)
\pgfmatrixcurrentrow=\count175
\pgfmatrixcurrentcolumn=\count176
\pgf@matrix@numberofcolumns=\count177
)
\tikz@expandcount=\count178

("C:\Program Files\MiKTeX 2.9\tex\generic\pgf\frontendlayer\tikz\libraries\tikz
librarytopaths.code.tex"
File: tikzlibrarytopaths.code.tex 2008/06/17 v2.10 (rcs-revision 1.2)
)))
("C:\Program Files\MiKTeX 2.9\tex\latex\mdframed\mdframed.sty"
Package: mdframed 2013/07/01 1.9b: mdframed

("C:\Program Files\MiKTeX 2.9\tex\latex\l3packages\xparse\xparse.sty"
("C:\Program Files\MiKTeX 2.9\tex\latex\l3kernel\expl3.sty"
("C:\Program Files\MiKTeX 2.9\tex\latex\l3kernel\l3names.sty"
("C:\Program Files\MiKTeX 2.9\tex\latex\l3kernel\l3bootstrap.sty"
Package: l3bootstrap 2013/07/28 v4581 L3 Experimental bootstrap code
)
Package: l3names 2012/12/07 v4346 L3 Namespace for primitives
)
("C:\Program Files\MiKTeX 2.9\tex\latex\misc\etex.sty"
Package: etex 1998/03/26 v2.0 eTeX basic definition package (PEB)
\et@xins=\count179
)
Package: expl3 2013/10/13 v4597 L3 Experimental code bundle wrapper

("C:\Program Files\MiKTeX 2.9\tex\latex\l3kernel\l3basics.sty"
Package: l3basics 2013/07/28 v4581 L3 Basic definitions
)
("C:\Program Files\MiKTeX 2.9\tex\latex\l3kernel\l3expan.sty"
Package: l3expan 2013/08/17 v4584 L3 Argument expansion
)
("C:\Program Files\MiKTeX 2.9\tex\latex\l3kernel\l3tl.sty"
Package: l3tl 2013/09/16 v4592 L3 Token lists
)
("C:\Program Files\MiKTeX 2.9\tex\latex\l3kernel\l3seq.sty"
Package: l3seq 2013/07/28 v4581 L3 Sequences and stacks
)
("C:\Program Files\MiKTeX 2.9\tex\latex\l3kernel\l3int.sty"
Package: l3int 2013/08/02 v4583 L3 Integers
\c_max_int=\count180
\l_tmpa_int=\count181
\l_tmpb_int=\count182
\g_tmpa_int=\count183
\g_tmpb_int=\count184
)
("C:\Program Files\MiKTeX 2.9\tex\latex\l3kernel\l3quark.sty"
Package: l3quark 2013/07/21 v4564 L3 Quarks
)
("C:\Program Files\MiKTeX 2.9\tex\latex\l3kernel\l3prg.sty"
Package: l3prg 2013/08/25 v4587 L3 Control structures
\g__prg_map_int=\count185
)
("C:\Program Files\MiKTeX 2.9\tex\latex\l3kernel\l3clist.sty"
Package: l3clist 2013/07/28 v4581 L3 Comma separated lists
)
("C:\Program Files\MiKTeX 2.9\tex\latex\l3kernel\l3token.sty"
Package: l3token 2013/08/25 v4587 L3 Experimental token manipulation
)
("C:\Program Files\MiKTeX 2.9\tex\latex\l3kernel\l3prop.sty"
Package: l3prop 2013/07/28 v4581 L3 Property lists
)
("C:\Program Files\MiKTeX 2.9\tex\latex\l3kernel\l3msg.sty"
Package: l3msg 2013/07/28 v4581 L3 Messages
)
("C:\Program Files\MiKTeX 2.9\tex\latex\l3kernel\l3file.sty"
Package: l3file 2013/10/13 v4596 L3 File and I/O operations
\l_iow_line_count_int=\count186
\l__iow_target_count_int=\count187
\l__iow_current_line_int=\count188
\l__iow_current_word_int=\count189
\l__iow_current_indentation_int=\count190
)
("C:\Program Files\MiKTeX 2.9\tex\latex\l3kernel\l3skip.sty"
Package: l3skip 2013/07/28 v4581 L3 Dimensions and skips
Normal \dimen register pool exhausted, switching to extended pool.
\c_zero_dim=\dimen256
\c_max_dim=\dimen257
\l_tmpa_dim=\dimen258
\l_tmpb_dim=\dimen259
\g_tmpa_dim=\dimen260
\g_tmpb_dim=\dimen261
\c_zero_skip=\skip79
\c_max_skip=\skip80
\l_tmpa_skip=\skip81
\l_tmpb_skip=\skip82
\g_tmpa_skip=\skip83
\g_tmpb_skip=\skip84
\c_zero_muskip=\muskip12
\c_max_muskip=\muskip13
\l_tmpa_muskip=\muskip14
\l_tmpb_muskip=\muskip15
\g_tmpa_muskip=\muskip16
\g_tmpb_muskip=\muskip17
)
("C:\Program Files\MiKTeX 2.9\tex\latex\l3kernel\l3keys.sty"
Package: l3keys 2013/07/28 v4581 L3 Experimental key-value interfaces
\g__keyval_level_int=\count191
\l_keys_choice_int=\count192
)
("C:\Program Files\MiKTeX 2.9\tex\latex\l3kernel\l3fp.sty"
Package: l3fp 2013/07/09 v4521 L3 Floating points
\c__fp_leading_shift_int=\count193
\c__fp_middle_shift_int=\count194
\c__fp_trailing_shift_int=\count195
\c__fp_big_leading_shift_int=\count196
\c__fp_big_middle_shift_int=\count197
\c__fp_big_trailing_shift_int=\count198
\c__fp_Bigg_leading_shift_int=\count199
\c__fp_Bigg_middle_shift_int=\count200
\c__fp_Bigg_trailing_shift_int=\count201
)
("C:\Program Files\MiKTeX 2.9\tex\latex\l3kernel\l3box.sty"
Package: l3box 2013/07/28 v4581 L3 Experimental boxes
\c_empty_box=\box68
\l_tmpa_box=\box69
\l_tmpb_box=\box70
\g_tmpa_box=\box71
\g_tmpb_box=\box72
)
("C:\Program Files\MiKTeX 2.9\tex\latex\l3kernel\l3coffins.sty"
Package: l3coffins 2012/09/09 v4212 L3 Coffin code layer
\l__coffin_internal_box=\box73
\l__coffin_internal_dim=\dimen262
\l__coffin_offset_x_dim=\dimen263
\l__coffin_offset_y_dim=\dimen264
\l__coffin_x_dim=\dimen265
\l__coffin_y_dim=\dimen266
\l__coffin_x_prime_dim=\dimen267
\l__coffin_y_prime_dim=\dimen268
\c_empty_coffin=\box74
\l__coffin_aligned_coffin=\box75
\l__coffin_aligned_internal_coffin=\box76
\l_tmpa_coffin=\box77
\l_tmpb_coffin=\box78
\l__coffin_display_coffin=\box79
\l__coffin_display_coord_coffin=\box80
\l__coffin_display_pole_coffin=\box81
\l__coffin_display_offset_dim=\dimen269
\l__coffin_display_x_dim=\dimen270
\l__coffin_display_y_dim=\dimen271
)
("C:\Program Files\MiKTeX 2.9\tex\latex\l3kernel\l3color.sty"
Package: l3color 2012/08/29 v4156 L3 Experimental color support
)
("C:\Program Files\MiKTeX 2.9\tex\latex\l3kernel\l3luatex.sty"
Package: l3luatex 2013/07/28 v4581 L3 Experimental LuaTeX-specific functions
Normal \count register pool exhausted, switching to extended pool.
\g__cctab_allocate_int=\count277
\g__cctab_stack_int=\count278
)
("C:\Program Files\MiKTeX 2.9\tex\latex\l3kernel\l3candidates.sty"
Package: l3candidates 2013/07/24 v4576 L3 Experimental additions to l3kernel
\l__box_top_dim=\dimen272
\l__box_bottom_dim=\dimen273
\l__box_left_dim=\dimen274
\l__box_right_dim=\dimen275
\l__box_top_new_dim=\dimen276
\l__box_bottom_new_dim=\dimen277
\l__box_left_new_dim=\dimen278
\l__box_right_new_dim=\dimen279
\l__box_internal_box=\box82
\l__coffin_bounding_shift_dim=\dimen280
\l__coffin_left_corner_dim=\dimen281
\l__coffin_right_corner_dim=\dimen282
\l__coffin_bottom_corner_dim=\dimen283
\l__coffin_top_corner_dim=\dimen284
\l__coffin_scaled_total_height_dim=\dimen285
\l__coffin_scaled_width_dim=\dimen286
))
Package: xparse 2013/10/13 v4597 L3 Experimental document command parser
\l__xparse_current_arg_int=\count279
\l__xparse_m_args_int=\count280
\l__xparse_mandatory_args_int=\count281
\l__xparse_processor_int=\count282
\l__xparse_v_nesting_int=\count283
)
("C:\Program Files\MiKTeX 2.9\tex\latex\etoolbox\etoolbox.sty"
Package: etoolbox 2011/01/03 v2.1 e-TeX tools for LaTeX
\etb@tempcnta=\count284
)
("C:\Program Files\MiKTeX 2.9\tex\latex\oberdiek\zref-abspage.sty"
Package: zref-abspage 2012/04/04 v2.24 Module abspage for zref (HO)

("C:\Program Files\MiKTeX 2.9\tex\latex\oberdiek\zref-base.sty"
Package: zref-base 2012/04/04 v2.24 Module base for zref (HO)
Package zref Info: New property list: main on input line 759.
Package zref Info: New property: default on input line 760.
Package zref Info: New property: page on input line 761.
)
\c@abspage=\count285
Package zref Info: New property: abspage on input line 62.
)
("C:\Program Files\MiKTeX 2.9\tex\latex\needspace\needspace.sty"
Package: needspace 2010/09/12 v1.3d reserve vertical space
)
\mdf@templength=\skip85
\c@mdf@globalstyle@cnt=\count286
\mdf@skipabove@length=\skip86
\mdf@skipbelow@length=\skip87
\mdf@leftmargin@length=\skip88
\mdf@rightmargin@length=\skip89
\mdf@innerleftmargin@length=\skip90
\mdf@innerrightmargin@length=\skip91
\mdf@innertopmargin@length=\skip92
\mdf@innerbottommargin@length=\skip93
\mdf@splittopskip@length=\skip94
\mdf@splitbottomskip@length=\skip95
\mdf@outermargin@length=\skip96
\mdf@innermargin@length=\skip97
\mdf@linewidth@length=\skip98
\mdf@innerlinewidth@length=\skip99
\mdf@middlelinewidth@length=\skip100
\mdf@outerlinewidth@length=\skip101
\mdf@roundcorner@length=\skip102
\mdf@footenotedistance@length=\skip103
\mdf@userdefinedwidth@length=\skip104
\mdf@needspace@length=\skip105
\mdf@frametitleaboveskip@length=\skip106
\mdf@frametitlebelowskip@length=\skip107
\mdf@frametitlerulewidth@length=\skip108
\mdf@frametitleleftmargin@length=\skip109
\mdf@frametitlerightmargin@length=\skip110
\mdf@shadowsize@length=\skip111
\mdf@extratopheight@length=\skip112
\mdf@subtitleabovelinewidth@length=\skip113
\mdf@subtitlebelowlinewidth@length=\skip114
\mdf@subtitleaboveskip@length=\skip115
\mdf@subtitlebelowskip@length=\skip116
\mdf@subtitleinneraboveskip@length=\skip117
\mdf@subtitleinnerbelowskip@length=\skip118
\mdf@subsubtitleabovelinewidth@length=\skip119
\mdf@subsubtitlebelowlinewidth@length=\skip120
\mdf@subsubtitleaboveskip@length=\skip121
\mdf@subsubtitlebelowskip@length=\skip122
\mdf@subsubtitleinneraboveskip@length=\skip123
\mdf@subsubtitleinnerbelowskip@length=\skip124

("C:\Program Files\MiKTeX 2.9\tex\latex\mdframed\md-frame-1.mdf"
File: md-frame-1.mdf 2013/07/01\ 1.9b: md-frame-1
)
\mdf@frametitlebox=\box83
\mdf@footnotebox=\box84
\mdf@splitbox@one=\box85
\mdf@splitbox@two=\box86
\mdf@splitbox@save=\box87
\mdfsplitboxwidth=\skip125
\mdfsplitboxtotalwidth=\skip126
\mdfsplitboxheight=\skip127
\mdfsplitboxdepth=\skip128
\mdfsplitboxtotalheight=\skip129
\mdfframetitleboxwidth=\skip130
\mdfframetitleboxtotalwidth=\skip131
\mdfframetitleboxheight=\skip132
\mdfframetitleboxdepth=\skip133
\mdfframetitleboxtotalheight=\skip134
\mdffootnoteboxwidth=\skip135
\mdffootnoteboxtotalwidth=\skip136
\mdffootnoteboxheight=\skip137
\mdffootnoteboxdepth=\skip138
\mdffootnoteboxtotalheight=\skip139
\mdftotallinewidth=\skip140
\mdfboundingboxwidth=\skip141
\mdfboundingboxtotalwidth=\skip142
\mdfboundingboxheight=\skip143
\mdfboundingboxdepth=\skip144
\mdfboundingboxtotalheight=\skip145
\mdf@freevspace@length=\skip146
\mdf@horizontalwidthofbox@length=\skip147
\mdf@verticalmarginwhole@length=\skip148
\mdf@horizontalspaceofbox=\skip149
\mdfsubtitleheight=\skip150
\mdfsubsubtitleheight=\skip151
\c@mdfcountframes=\count287

****** mdframed patching \endmdf@trivlist

****** -- failed******

.................................................
. LaTeX info: "xparse/define-command"
. 
. Defining document command \newmdtheoremenv with arg. spec. 'O{} m o m o ' on
. line 601.
.................................................
.................................................
. LaTeX info: "xparse/define-command"
. 
. Defining document command \mdtheorem with arg. spec. ' O{} m o m o ' on line
. 701.
.................................................
\mdf@envdepth=\count288
\c@mdf@env@i=\count289
\c@mdf@env@ii=\count290
\c@mdf@zref@counter=\count291
Package zref Info: New property: mdf@pagevalue on input line 895.
)
("C:\Program Files\MiKTeX 2.9\tex\latex\mh\breqn.sty"
Package: breqn 2012/05/10 v0.98b Breaking equations

("C:\Program Files\MiKTeX 2.9\tex\latex\mh\flexisym.sty"
Package: flexisym 2013/03/16 v0.97c Make math characters macros
LaTeX Info: Redefining \textprime on input line 296.
LaTeX Info: Redefining \not on input line 354.

("C:\Program Files\MiKTeX 2.9\tex\latex\mh\cmbase.sym"
File: cmbase.sym 2007/12/19 v0.92
LaTeX Info: Redefining \hbar on input line 323.
LaTeX Info: Redefining \surd on input line 325.
LaTeX Info: Redefining \angle on input line 333.
LaTeX Info: Redefining \neq on input line 334.
LaTeX Info: Redefining \mapsto on input line 335.
LaTeX Info: Redefining \cong on input line 336.
LaTeX Info: Redefining \notin on input line 339.
LaTeX Info: Redefining \rightleftharpoons on input line 340.
LaTeX Info: Redefining \doteq on input line 341.
LaTeX Info: Redefining \hookrightarrow on input line 342.
LaTeX Info: Redefining \hookleftarrow on input line 343.
LaTeX Info: Redefining \bowtie on input line 344.
LaTeX Info: Redefining \models on input line 345.
LaTeX Info: Redefining \Longrightarrow on input line 346.
LaTeX Info: Redefining \longrightarrow on input line 347.
LaTeX Info: Redefining \Longleftarrow on input line 348.
LaTeX Info: Redefining \longleftarrow on input line 349.
LaTeX Info: Redefining \longmapsto on input line 350.
LaTeX Info: Redefining \longleftrightarrow on input line 351.
LaTeX Info: Redefining \Longleftrightarrow on input line 352.
LaTeX Info: Redefining \cdots on input line 356.
LaTeX Info: Redefining \vdots on input line 359.
LaTeX Info: Redefining \ddots on input line 364.
)
("C:\Program Files\MiKTeX 2.9\tex\latex\mh\mathstyle.sty"
Package: mathstyle 2011/08/03 v0.90 Tracking mathstyle implicitly
LaTeX Info: Redefining \displaystyle on input line 81.
LaTeX Info: Redefining \textstyle on input line 83.
LaTeX Info: Redefining \scriptstyle on input line 85.
LaTeX Info: Redefining \scriptscriptstyle on input line 87.
LaTeX Info: Redefining \genfrac on input line 121.
))
("C:\Program Files\MiKTeX 2.9\tex\latex\tools\calc.sty"
Package: calc 2007/08/22 v4.3 Infix arithmetic (KKT,FJ)
\calc@Acount=\count292
\calc@Bcount=\count293
\calc@Adimen=\dimen287
\calc@Bdimen=\dimen288
\calc@Askip=\skip152
\calc@Bskip=\skip153
LaTeX Info: Redefining \setlength on input line 76.
LaTeX Info: Redefining \addtolength on input line 77.
\calc@Ccount=\count294
\calc@Cskip=\skip154
)
\inf@bad=\count295
\maxint=\count296
\listwidth=\dimen289
\eqnumsep=\dimen290
\eqmargin=\dimen291
\eqlinespacing=\skip155
\eqlineskip=\skip156
\eqlineskiplimit=\dimen292
\eqbinoffset=\muskip18
\eqdelimoffset=\muskip19
\eqindentstep=\dimen293
\eqstyle=\toks45
\eqbreakdepth=\count297
\eqinterlinepenalty=\count298
\intereqpenalty=\count299
\intereqskip=\skip157
\prerelpenalty=\count300
\prebinoppenalty=\count301
\Dmedmuskip=\muskip20
\Dthickmuskip=\muskip21
\eqleftskip=\skip158
\eqrightskip=\skip159
\eq@vspan=\skip160
\eq@binoffset=\muskip22
\EQ@box=\box88
\EQ@copy=\box89
\EQ@numbox=\box90
\eq@wdNum=\dimen294
\GRP@numbox=\box91
\grp@wdNum=\dimen295
\eq@lines=\count302
\eq@curline=\count303
\eq@badness=\count304
\EQ@vims=\count305
\eq@dp=\dimen296
\eq@wdL=\dimen297
\eq@wdT=\dimen298
\eq@wdMin=\dimen299
\grp@wdL=\dimen300
\grp@wdR=\dimen301
\grp@wdT=\dimen302
\eq@wdRmax=\dimen303
\eq@firstht=\dimen304
\eq@wdCond=\dimen305
\eq@indentstep=\dimen306
\eq@linewidth=\dimen307
\grp@linewidth=\dimen308
\eq@hshift=\dimen309
\eq@given@sidespace=\dimen310
\mathindent=\dimen311
\eq@final@linecount=\count306
\eq@wdR=\dimen312
\EQ@continue=\toks46
\lr@level=\count307
\GRP@queue=\toks47
\GRP@box=\box92
\GRP@wholebox=\box93
\darraycolsep=\skip161
\cur@row=\count308
\cur@col=\count309
\conditionsep=\skip162
)
("C:\Program Files\MiKTeX 2.9\tex\generic\pgf\frontendlayer\tikz\libraries\tikz
libraryshapes.code.tex"
File: tikzlibraryshapes.code.tex 2008/01/09 v2.10 (rcs-revision 1.1)

("C:\Program Files\MiKTeX 2.9\tex\generic\pgf\frontendlayer\tikz\libraries\tikz
libraryshapes.geometric.code.tex"
File: tikzlibraryshapes.geometric.code.tex 2008/01/09 v2.10 (rcs-revision 1.1)

("C:\Program Files\MiKTeX 2.9\tex\generic\pgf\libraries\shapes\pgflibraryshapes
.geometric.code.tex"
File: pgflibraryshapes.geometric.code.tex 2008/06/26 v2.10 (rcs-revision 1.1)
))
("C:\Program Files\MiKTeX 2.9\tex\generic\pgf\frontendlayer\tikz\libraries\tikz
libraryshapes.misc.code.tex"
File: tikzlibraryshapes.misc.code.tex 2008/01/09 v2.10 (rcs-revision 1.1)

("C:\Program Files\MiKTeX 2.9\tex\generic\pgf\libraries\shapes\pgflibraryshapes
.misc.code.tex"
File: pgflibraryshapes.misc.code.tex 2008/10/07 v2.10 (rcs-revision 1.3)
))
("C:\Program Files\MiKTeX 2.9\tex\generic\pgf\frontendlayer\tikz\libraries\tikz
libraryshapes.symbols.code.tex"
File: tikzlibraryshapes.symbols.code.tex 2008/01/09 v2.10 (rcs-revision 1.1)

("C:\Program Files\MiKTeX 2.9\tex\generic\pgf\libraries\shapes\pgflibraryshapes
.symbols.code.tex"
File: pgflibraryshapes.symbols.code.tex 2009/10/27 v2.10 (rcs-revision 1.3)
))
("C:\Program Files\MiKTeX 2.9\tex\generic\pgf\frontendlayer\tikz\libraries\tikz
libraryshapes.arrows.code.tex"
File: tikzlibraryshapes.arrows.code.tex 2008/01/09 v2.10 (rcs-revision 1.1)

("C:\Program Files\MiKTeX 2.9\tex\generic\pgf\libraries\shapes\pgflibraryshapes
.arrows.code.tex"
File: pgflibraryshapes.arrows.code.tex 2008/06/26 v2.10 (rcs-revision 1.1)
))
("C:\Program Files\MiKTeX 2.9\tex\generic\pgf\frontendlayer\tikz\libraries\tikz
libraryshapes.callouts.code.tex"
("C:\Program Files\MiKTeX 2.9\tex\generic\pgf\libraries\shapes\pgflibraryshapes
.callouts.code.tex"))
("C:\Program Files\MiKTeX 2.9\tex\generic\pgf\frontendlayer\tikz\libraries\tikz
libraryshapes.multipart.code.tex"
File: tikzlibraryshapes.multipart.code.tex 2008/01/09 v2.10 (rcs-revision 1.1)

("C:\Program Files\MiKTeX 2.9\tex\generic\pgf\libraries\shapes\pgflibraryshapes
.multipart.code.tex"
File: pgflibraryshapes.multipart.code.tex 2010/01/07 v2.10 (rcs-revision 1.2)
\pgfnodepartlowerbox=\box94
\pgfnodeparttwobox=\box95
\pgfnodepartthreebox=\box96
\pgfnodepartfourbox=\box97
\pgfnodeparttwentybox=\box98
\pgfnodepartnineteenbox=\box99
\pgfnodeparteighteenbox=\box100
\pgfnodepartseventeenbox=\box101
\pgfnodepartsixteenbox=\box102
\pgfnodepartfifteenbox=\box103
\pgfnodepartfourteenbox=\box104
\pgfnodepartthirteenbox=\box105
\pgfnodeparttwelvebox=\box106
\pgfnodepartelevenbox=\box107
\pgfnodeparttenbox=\box108
\pgfnodepartninebox=\box109
\pgfnodeparteightbox=\box110
\pgfnodepartsevenbox=\box111
\pgfnodepartsixbox=\box112
\pgfnodepartfivebox=\box113
)))
("C:\Program Files\MiKTeX 2.9\tex\generic\pgf\frontendlayer\tikz\libraries\tikz
libraryshadows.code.tex"
File: tikzlibraryshadows.code.tex 2008/01/13 v2.10 (rcs-revision 1.3)

("C:\Program Files\MiKTeX 2.9\tex\generic\pgf\frontendlayer\tikz\libraries\tikz
libraryfadings.code.tex"
File: tikzlibraryfadings.code.tex 2009/11/15 v2.10 (rcs-revision 1.2)

("C:\Program Files\MiKTeX 2.9\tex\generic\pgf\libraries\pgflibraryfadings.code.
tex"
File: pgflibraryfadings.code.tex 2008/02/07 v2.10 (rcs-revision 1.3)
)))
("C:\Program Files\MiKTeX 2.9\tex\generic\pgf\frontendlayer\tikz\libraries\tikz
libraryarrows.code.tex"
File: tikzlibraryarrows.code.tex 2008/01/09 v2.10 (rcs-revision 1.1)

("C:\Program Files\MiKTeX 2.9\tex\generic\pgf\libraries\pgflibraryarrows.code.t
ex"
File: pgflibraryarrows.code.tex 2008/10/27 v2.10 (rcs-revision 1.9)
\arrowsize=\dimen313
)) (F:\BTP2.0\ppt\sizil\template.aux)
LaTeX Font Info:    Checking defaults for OML/cmm/m/it on input line 21.
LaTeX Font Info:    ... okay on input line 21.
LaTeX Font Info:    Checking defaults for T1/cmr/m/n on input line 21.
LaTeX Font Info:    ... okay on input line 21.
LaTeX Font Info:    Checking defaults for OT1/cmr/m/n on input line 21.
LaTeX Font Info:    ... okay on input line 21.
LaTeX Font Info:    Checking defaults for OMS/cmsy/m/n on input line 21.
LaTeX Font Info:    ... okay on input line 21.
LaTeX Font Info:    Checking defaults for OMX/cmex/m/n on input line 21.
LaTeX Font Info:    ... okay on input line 21.
LaTeX Font Info:    Checking defaults for U/cmr/m/n on input line 21.
LaTeX Font Info:    ... okay on input line 21.
LaTeX Font Info:    Checking defaults for PD1/pdf/m/n on input line 21.
LaTeX Font Info:    ... okay on input line 21.

*geometry* driver: auto-detecting
*geometry* detected driver: pdftex
*geometry* verbose mode - [ preamble ] result:
* driver: pdftex
* paper: custom
* layout: <same size as paper>
* layoutoffset:(h,v)=(0.0pt,0.0pt)
* modes: includehead includefoot 
* h-part:(L,W,R)=(10.95003pt, 342.2953pt, 10.95003pt)
* v-part:(T,H,B)=(0.0pt, 273.14662pt, 0.0pt)
* \paperwidth=364.19536pt
* \paperheight=273.14662pt
* \textwidth=342.2953pt
* \textheight=244.6939pt
* \oddsidemargin=-61.31996pt
* \evensidemargin=-61.31996pt
* \topmargin=-72.26999pt
* \headheight=14.22636pt
* \headsep=0.0pt
* \topskip=11.0pt
* \footskip=14.22636pt
* \marginparwidth=4.0pt
* \marginparsep=10.0pt
* \columnsep=10.0pt
* \skip\footins=10.0pt plus 4.0pt minus 2.0pt
* \hoffset=0.0pt
* \voffset=0.0pt
* \mag=1000
* \@twocolumnfalse
* \@twosidefalse
* \@mparswitchfalse
* \@reversemarginfalse
* (1in=72.27pt=25.4mm, 1cm=28.453pt)

("C:\Program Files\MiKTeX 2.9\tex\context\base\supp-pdf.mkii"
[Loading MPS to PDF converter (version 2006.09.02).]
\scratchcounter=\count310
\scratchdimen=\dimen314
\scratchbox=\box114
\nofMPsegments=\count311
\nofMParguments=\count312
\everyMPshowfont=\toks48
\MPscratchCnt=\count313
\MPscratchDim=\dimen315
\MPnumerator=\count314
\makeMPintoPDFobject=\count315
\everyMPtoPDFconversion=\toks49
) ABD: EveryShipout initializing macros
\AtBeginShipoutBox=\box115
Package hyperref Info: Link coloring OFF on input line 21.

("C:\Program Files\MiKTeX 2.9\tex\latex\hyperref\nameref.sty"
Package: nameref 2012/10/27 v2.43 Cross-referencing by name of section

("C:\Program Files\MiKTeX 2.9\tex\generic\oberdiek\gettitlestring.sty"
Package: gettitlestring 2010/12/03 v1.4 Cleanup title references (HO)
)
\c@section@level=\count316
)
LaTeX Info: Redefining \ref on input line 21.
LaTeX Info: Redefining \pageref on input line 21.
LaTeX Info: Redefining \nameref on input line 21.

(F:\BTP2.0\ppt\sizil\template.out) (F:\BTP2.0\ppt\sizil\template.out)
\@outlinefile=\write5
LaTeX Font Info:    Overwriting symbol font `operators' in version `normal'
(Font)                  OT1/cmr/m/n --> OT1/cmss/m/n on input line 21.
LaTeX Font Info:    Overwriting symbol font `operators' in version `bold'
(Font)                  OT1/cmr/bx/n --> OT1/cmss/bx/n on input line 21.
\symnumbers=\mathgroup6
\sympureletters=\mathgroup7
LaTeX Font Info:    Overwriting math alphabet `\mathrm' in version `normal'
(Font)                  OT1/cmss/m/n --> OT1/cmr/m/n on input line 21.
LaTeX Font Info:    Redeclaring math alphabet \mathbf on input line 21.
LaTeX Font Info:    Overwriting math alphabet `\mathbf' in version `normal'
(Font)                  OT1/cmr/bx/n --> OT1/cmss/bx/n on input line 21.
LaTeX Font Info:    Overwriting math alphabet `\mathbf' in version `bold'
(Font)                  OT1/cmr/bx/n --> OT1/cmss/bx/n on input line 21.
LaTeX Font Info:    Redeclaring math alphabet \mathsf on input line 21.
LaTeX Font Info:    Overwriting math alphabet `\mathsf' in version `normal'
(Font)                  OT1/cmss/m/n --> OT1/cmss/m/n on input line 21.
LaTeX Font Info:    Overwriting math alphabet `\mathsf' in version `bold'
(Font)                  OT1/cmss/bx/n --> OT1/cmss/m/n on input line 21.
LaTeX Font Info:    Redeclaring math alphabet \mathit on input line 21.
LaTeX Font Info:    Overwriting math alphabet `\mathit' in version `normal'
(Font)                  OT1/cmr/m/it --> OT1/cmss/m/it on input line 21.
LaTeX Font Info:    Overwriting math alphabet `\mathit' in version `bold'
(Font)                  OT1/cmr/bx/it --> OT1/cmss/m/it on input line 21.
LaTeX Font Info:    Redeclaring math alphabet \mathtt on input line 21.
LaTeX Font Info:    Overwriting math alphabet `\mathtt' in version `normal'
(Font)                  OT1/cmtt/m/n --> OT1/cmtt/m/n on input line 21.
LaTeX Font Info:    Overwriting math alphabet `\mathtt' in version `bold'
(Font)                  OT1/cmtt/m/n --> OT1/cmtt/m/n on input line 21.
LaTeX Font Info:    Overwriting symbol font `numbers' in version `bold'
(Font)                  OT1/cmss/m/n --> OT1/cmss/bx/n on input line 21.
LaTeX Font Info:    Overwriting symbol font `pureletters' in version `bold'
(Font)                  OT1/cmss/m/it --> OT1/cmss/bx/it on input line 21.
LaTeX Font Info:    Overwriting math alphabet `\mathrm' in version `bold'
(Font)                  OT1/cmss/bx/n --> OT1/cmr/bx/n on input line 21.
LaTeX Font Info:    Overwriting math alphabet `\mathbf' in version `bold'
(Font)                  OT1/cmss/bx/n --> OT1/cmss/bx/n on input line 21.
LaTeX Font Info:    Overwriting math alphabet `\mathsf' in version `bold'
(Font)                  OT1/cmss/m/n --> OT1/cmss/bx/n on input line 21.
LaTeX Font Info:    Overwriting math alphabet `\mathit' in version `bold'
(Font)                  OT1/cmss/m/it --> OT1/cmss/bx/it on input line 21.
LaTeX Font Info:    Overwriting math alphabet `\mathtt' in version `bold'
(Font)                  OT1/cmtt/m/n --> OT1/cmtt/bx/n on input line 21.
LaTeX Font Info:    Redeclaring symbol font `pureletters' on input line 21.
LaTeX Font Info:    Overwriting symbol font `pureletters' in version `normal'
(Font)                  OT1/cmss/m/it --> OT1/mathkerncmss/m/sl on input line 2
1.
LaTeX Font Info:    Overwriting symbol font `pureletters' in version `bold'
(Font)                  OT1/cmss/bx/it --> OT1/mathkerncmss/m/sl on input line 
21.
LaTeX Font Info:    Overwriting symbol font `pureletters' in version `bold'
(Font)                  OT1/mathkerncmss/m/sl --> OT1/mathkerncmss/bx/sl on inp
ut line 21.

("C:\Program Files\MiKTeX 2.9\tex\latex\beamer\base\translator\dicts\translator
-basic-dictionary\translator-basic-dictionary-English.dict"
Dictionary: translator-basic-dictionary, Language: English 
)
("C:\Program Files\MiKTeX 2.9\tex\latex\beamer\base\translator\dicts\translator
-bibliography-dictionary\translator-bibliography-dictionary-English.dict"
Dictionary: translator-bibliography-dictionary, Language: English 
)
("C:\Program Files\MiKTeX 2.9\tex\latex\beamer\base\translator\dicts\translator
-environment-dictionary\translator-environment-dictionary-English.dict"
Dictionary: translator-environment-dictionary, Language: English 
)
("C:\Program Files\MiKTeX 2.9\tex\latex\beamer\base\translator\dicts\translator
-months-dictionary\translator-months-dictionary-English.dict"
Dictionary: translator-months-dictionary, Language: English 
)
("C:\Program Files\MiKTeX 2.9\tex\latex\beamer\base\translator\dicts\translator
-numbers-dictionary\translator-numbers-dictionary-English.dict"
Dictionary: translator-numbers-dictionary, Language: English 
)
("C:\Program Files\MiKTeX 2.9\tex\latex\beamer\base\translator\dicts\translator
-theorem-dictionary\translator-theorem-dictionary-English.dict"
Dictionary: translator-theorem-dictionary, Language: English 
)
LaTeX Info: Redefining \includegraphics on input line 21.
\c@lstlisting=\count317

(F:\BTP2.0\ppt\sizil\template.nav)
\@verb\lstI=\box116

("C:\Program Files\MiKTeX 2.9\tex\latex\listings\lstlang1.sty"
File: lstlang1.sty 2013/08/26 1.5b listings language file
)
("C:\Program Files\MiKTeX 2.9\tex\latex\listings\lstlang1.sty"
File: lstlang1.sty 2013/08/26 1.5b listings language file
)
("C:\Program Files\MiKTeX 2.9\tex\latex\listings\lstmisc.sty"
File: lstmisc.sty 2013/08/26 1.5b (Carsten Heinz)
)
\@verb\lstII=\box117
\@verb\lstIII=\box118

Overfull \hbox (16.42662pt too wide) in paragraph at lines 67--68
[][][][][][][][][][][][][][][][][][][][][][][][][][][] 
 []


Package hyperref Warning: Option `pdfauthor' has already been used,
(hyperref)                setting the option has no effect on input line 79.


LaTeX Font Warning: Font shape `OT1/cmss/m/n' in size <4> not available
(Font)              size <5> substituted on input line 81.


Overfull \hbox (26.40929pt too wide) has occurred while \output is active
 [][]  \OT1/cmss/m/n/6 ([])  
 []


Overfull \hbox (210.50371pt too wide) has occurred while \output is active
 [][][][]  
 []

[1

{C:/ProgramData/MiKTeX/2.9/pdftex/config/pdftex.map}]
Overfull \hbox (26.40929pt too wide) has occurred while \output is active
 [][]  \OT1/cmss/m/n/6 ([])  
 []


Overfull \hbox (210.50371pt too wide) has occurred while \output is active
 [][][][]  
 []

[2

]
LaTeX Font Info:    Try loading font information for U+msa on input line 109.
 ("C:\Program Files\MiKTeX 2.9\tex\latex\amsfonts\umsa.fd"
File: umsa.fd 2013/01/14 v3.01 AMS symbols A
)
LaTeX Font Info:    Try loading font information for U+msb on input line 109.

("C:\Program Files\MiKTeX 2.9\tex\latex\amsfonts\umsb.fd"
File: umsb.fd 2013/01/14 v3.01 AMS symbols B
)
LaTeX Font Info:    Try loading font information for OT1+mathkerncmss on input 
line 109.

("C:\Program Files\MiKTeX 2.9\tex\latex\sansmathaccent\ot1mathkerncmss.fd"
File: ot1mathkerncmss.fd 2013/03/27 Fontinst v1.933 font definitions for OT1/ma
thkerncmss.
)
Overfull \hbox (26.40929pt too wide) has occurred while \output is active
 [][]  \OT1/cmss/m/n/6 ([])  
 []


Overfull \hbox (210.50371pt too wide) has occurred while \output is active
 [][][][]  
 []

[3

]
Overfull \hbox (26.40929pt too wide) has occurred while \output is active
 [][]  \OT1/cmss/m/n/6 ([])  
 []


Overfull \hbox (210.50371pt too wide) has occurred while \output is active
 [][][][]  
 []

[4

]
Overfull \hbox (26.40929pt too wide) has occurred while \output is active
 [][]  \OT1/cmss/m/n/6 ([])  
 []


Overfull \hbox (210.50371pt too wide) has occurred while \output is active
 [][][][]  
 []

[5

]
Overfull \hbox (26.40929pt too wide) has occurred while \output is active
 [][]  \OT1/cmss/m/n/6 ([])  
 []


Overfull \hbox (210.50371pt too wide) has occurred while \output is active
 [][][][]  
 []

[6

] <images/1.png, id=211, 339.51843pt x 313.9228pt>
File: images/1.png Graphic file (type png)
 <use images/1.png>
Package pdftex.def Info: images/1.png used on input line 175.
(pdftex.def)             Requested size: 102.68962pt x 94.94397pt.


Package amsmath Warning: Cannot use `split' here;
(amsmath)                trying to recover with `aligned' on input line 175.


Overfull \hbox (26.40929pt too wide) has occurred while \output is active
 [][]  \OT1/cmss/m/n/6 ([])  
 []


Overfull \hbox (210.50371pt too wide) has occurred while \output is active
 [][][][]  
 []

[7

 <F:/BTP2.0/ppt/sizil/images/1.png>]
Overfull \hbox (26.40929pt too wide) has occurred while \output is active
 [][]  \OT1/cmss/m/n/6 ([])  
 []


Overfull \hbox (210.50371pt too wide) has occurred while \output is active
 [][][][]  
 []

[8

] <images/2.png, id=269, 390.70969pt x 310.91156pt>
File: images/2.png Graphic file (type png)
 <use images/2.png>
Package pdftex.def Info: images/2.png used on input line 200.
(pdftex.def)             Requested size: 102.68962pt x 81.7175pt.


Package amsmath Warning: Cannot use `split' here;
(amsmath)                trying to recover with `aligned' on input line 200.


Overfull \hbox (26.40929pt too wide) has occurred while \output is active
 [][]  \OT1/cmss/m/n/6 ([])  
 []


Overfull \hbox (210.50371pt too wide) has occurred while \output is active
 [][][][]  
 []

[9

 <F:/BTP2.0/ppt/sizil/images/2.png>]
Overfull \hbox (26.40929pt too wide) has occurred while \output is active
 [][]  \OT1/cmss/m/n/6 ([])  
 []


Overfull \hbox (210.50371pt too wide) has occurred while \output is active
 [][][][]  
 []

[10

]
Overfull \hbox (26.40929pt too wide) has occurred while \output is active
 [][]  \OT1/cmss/m/n/6 ([])  
 []


Overfull \hbox (210.50371pt too wide) has occurred while \output is active
 [][][][]  
 []

[11

]
Overfull \hbox (26.40929pt too wide) has occurred while \output is active
 [][]  \OT1/cmss/m/n/6 ([])  
 []


Overfull \hbox (210.50371pt too wide) has occurred while \output is active
 [][][][]  
 []

[12

]
Overfull \hbox (26.40929pt too wide) has occurred while \output is active
 [][]  \OT1/cmss/m/n/6 ([])  
 []


Overfull \hbox (210.50371pt too wide) has occurred while \output is active
 [][][][]  
 []

[13

]
Overfull \hbox (26.40929pt too wide) has occurred while \output is active
 [][]  \OT1/cmss/m/n/6 ([])  
 []


Overfull \hbox (210.50371pt too wide) has occurred while \output is active
 [][][][]  
 []

[14

]
Overfull \hbox (26.40929pt too wide) has occurred while \output is active
 [][]  \OT1/cmss/m/n/6 ([])  
 []


Overfull \hbox (210.50371pt too wide) has occurred while \output is active
 [][][][]  
 []

[15

]
Overfull \hbox (26.40929pt too wide) has occurred while \output is active
 [][]  \OT1/cmss/m/n/6 ([])  
 []


Overfull \hbox (210.50371pt too wide) has occurred while \output is active
 [][][][]  
 []

[16

]
Overfull \hbox (26.40929pt too wide) has occurred while \output is active
 [][]  \OT1/cmss/m/n/6 ([])  
 []


Overfull \hbox (210.50371pt too wide) has occurred while \output is active
 [][][][]  
 []

[17

]
Overfull \hbox (26.40929pt too wide) has occurred while \output is active
 [][]  \OT1/cmss/m/n/6 ([])  
 []


Overfull \hbox (210.50371pt too wide) has occurred while \output is active
 [][][][]  
 []

[18

]
Overfull \hbox (26.40929pt too wide) has occurred while \output is active
 [][]  \OT1/cmss/m/n/6 ([])  
 []


Overfull \hbox (210.50371pt too wide) has occurred while \output is active
 [][][][]  
 []

[19

] <images/cuda/cudaflow.png, id=570, 602.25pt x 582.175pt>
File: images/cuda/cudaflow.png Graphic file (type png)

<use images/cuda/cudaflow.png>
Package pdftex.def Info: images/cuda/cudaflow.png used on input line 396.
(pdftex.def)             Requested size: 102.68962pt x 99.26158pt.

Overfull \hbox (26.40929pt too wide) has occurred while \output is active
 [][]  \OT1/cmss/m/n/6 ([])  
 []


Overfull \hbox (210.50371pt too wide) has occurred while \output is active
 [][][][]  
 []

[20

 <F:/BTP2.0/ppt/sizil/images/cuda/cudaflow.png>]
<images/pic1.png, id=597, 591.1686pt x 343.5234pt>
File: images/pic1.png Graphic file (type png)
 <use images/pic1.png>
Package pdftex.def Info: images/pic1.png used on input line 404.
(pdftex.def)             Requested size: 171.14764pt x 99.45149pt.

Overfull \hbox (26.40929pt too wide) has occurred while \output is active
 [][]  \OT1/cmss/m/n/6 ([])  
 []


Overfull \hbox (210.50371pt too wide) has occurred while \output is active
 [][][][]  
 []

[21

 <F:/BTP2.0/ppt/sizil/images/pic1.png>]
Overfull \hbox (26.40929pt too wide) has occurred while \output is active
 [][]  \OT1/cmss/m/n/6 ([])  
 []


Overfull \hbox (210.50371pt too wide) has occurred while \output is active
 [][][][]  
 []

[22

]
Overfull \hbox (26.40929pt too wide) has occurred while \output is active
 [][]  \OT1/cmss/m/n/6 ([])  
 []


Overfull \hbox (210.50371pt too wide) has occurred while \output is active
 [][][][]  
 []

[23

]
Overfull \hbox (26.40929pt too wide) has occurred while \output is active
 [][]  \OT1/cmss/m/n/6 ([])  
 []


Overfull \hbox (210.50371pt too wide) has occurred while \output is active
 [][][][]  
 []

[24

]
Overfull \hbox (26.40929pt too wide) has occurred while \output is active
 [][]  \OT1/cmss/m/n/6 ([])  
 []


Overfull \hbox (210.50371pt too wide) has occurred while \output is active
 [][][][]  
 []

[25

]
Overfull \hbox (26.40929pt too wide) has occurred while \output is active
 [][]  \OT1/cmss/m/n/6 ([])  
 []


Overfull \hbox (210.50371pt too wide) has occurred while \output is active
 [][][][]  
 []

[26

] <images/steady/domain.png, id=759, 472.76625pt x 401.24907pt>
File: images/steady/domain.png Graphic file (type png)

<use images/steady/domain.png>
Package pdftex.def Info: images/steady/domain.png used on input line 455.
(pdftex.def)             Requested size: 273.83728pt x 232.41849pt.

Overfull \vbox (27.3479pt too high) detected at line 455
 []


Overfull \hbox (26.40929pt too wide) has occurred while \output is active
 [][]  \OT1/cmss/m/n/6 ([])  
 []


Overfull \hbox (210.50371pt too wide) has occurred while \output is active
 [][][][]  
 []

[27

 <F:/BTP2.0/ppt/sizil/images/steady/domain.png>]
Overfull \hbox (26.40929pt too wide) has occurred while \output is active
 [][]  \OT1/cmss/m/n/6 ([])  
 []


Overfull \hbox (210.50371pt too wide) has occurred while \output is active
 [][][][]  
 []

[28

] <images/steady/100psi.png, id=812, 1927.2pt x 1713.40125pt>
File: images/steady/100psi.png Graphic file (type png)

<use images/steady/100psi.png>
Package pdftex.def Info: images/steady/100psi.png used on input line 477.
(pdftex.def)             Requested size: 85.57382pt x 76.0801pt.

<images/steady/100omega.png, id=813, 1927.2pt x 1713.40125pt>
File: images/steady/100omega.png Graphic file (type png)

<use images/steady/100omega.png>
Package pdftex.def Info: images/steady/100omega.png used on input line 477.
(pdftex.def)             Requested size: 85.57382pt x 76.0801pt.

<images/steady/ghia100psi.png, id=814, 198.9834pt x 199.4652pt>
File: images/steady/ghia100psi.png Graphic file (type png)

<use images/steady/ghia100psi.png>
Package pdftex.def Info: images/steady/ghia100psi.png used on input line 477.
(pdftex.def)             Requested size: 85.57382pt x 85.78357pt.

<images/steady/ghia100omega.png, id=815, 480.29437pt x 478.78876pt>
File: images/steady/ghia100omega.png Graphic file (type png)

<use images/steady/ghia100omega.png>
Package pdftex.def Info: images/steady/ghia100omega.png used on input line 477.

(pdftex.def)             Requested size: 85.57382pt x 85.30156pt.

Overfull \hbox (26.40929pt too wide) has occurred while \output is active
 [][]  \OT1/cmss/m/n/6 ([])  
 []


Overfull \hbox (210.50371pt too wide) has occurred while \output is active
 [][][][]  
 []

[29

 <F:/BTP2.0/ppt/sizil/images/steady/100psi.png (PNG copy)> <F:/BTP2.0/ppt/sizil
/images/steady/100omega.png (PNG copy)> <F:/BTP2.0/ppt/sizil/images/steady/ghia
100psi.png> <F:/BTP2.0/ppt/sizil/images/steady/ghia100omega.png>]
<images/steady/2000psi.png, id=844, 1927.2pt x 1713.40125pt>
File: images/steady/2000psi.png Graphic file (type png)

<use images/steady/2000psi.png>
Package pdftex.def Info: images/steady/2000psi.png used on input line 485.
(pdftex.def)             Requested size: 167.72658pt x 149.1013pt.

<images/steady/k2000psi.png, id=845, 325.84895pt x 321.33273pt>
File: images/steady/k2000psi.png Graphic file (type png)

<use images/steady/k2000psi.png>
Package pdftex.def Info: images/steady/k2000psi.png used on input line 485.
(pdftex.def)             Requested size: 167.72658pt x 165.40239pt.

Overfull \hbox (26.40929pt too wide) has occurred while \output is active
 [][]  \OT1/cmss/m/n/6 ([])  
 []


Overfull \hbox (210.50371pt too wide) has occurred while \output is active
 [][][][]  
 []

[30

 <F:/BTP2.0/ppt/sizil/images/steady/2000psi.png (PNG copy)> <F:/BTP2.0/ppt/sizi
l/images/steady/k2000psi.png>]
File: images/steady/domain.png Graphic file (type png)
 <use images/steady/domain.png>
Package pdftex.def Info: images/steady/domain.png used on input line 495.
(pdftex.def)             Requested size: 171.14764pt x 145.25772pt.

Overfull \vbox (10.31633pt too high) detected at line 495
 []


Overfull \hbox (26.40929pt too wide) has occurred while \output is active
 [][]  \OT1/cmss/m/n/6 ([])  
 []


Overfull \hbox (210.50371pt too wide) has occurred while \output is active
 [][][][]  
 []

[31

] <images/unsteady/re40010.png, id=900, 1371.1225pt x 1218.5525pt>
File: images/unsteady/re40010.png Graphic file (type png)

<use images/unsteady/re40010.png>
Package pdftex.def Info: images/unsteady/re40010.png used on input line 509.
(pdftex.def)             Requested size: 85.57382pt x 76.04778pt.

<images/unsteady/re40011.png, id=901, 1371.1225pt x 1218.5525pt>
File: images/unsteady/re40011.png Graphic file (type png)

<use images/unsteady/re40011.png>
Package pdftex.def Info: images/unsteady/re40011.png used on input line 509.
(pdftex.def)             Requested size: 85.57382pt x 76.04778pt.

<images/unsteady/re40012.png, id=902, 1371.1225pt x 1218.5525pt>
File: images/unsteady/re40012.png Graphic file (type png)

<use images/unsteady/re40012.png>
Package pdftex.def Info: images/unsteady/re40012.png used on input line 509.
(pdftex.def)             Requested size: 85.57382pt x 76.04778pt.

<images/unsteady/re40013.png, id=903, 1371.1225pt x 1218.5525pt>
File: images/unsteady/re40013.png Graphic file (type png)

<use images/unsteady/re40013.png>
Package pdftex.def Info: images/unsteady/re40013.png used on input line 509.
(pdftex.def)             Requested size: 85.57382pt x 76.04778pt.

<images/unsteady/re4001.png, id=904, 1371.1225pt x 1218.5525pt>
File: images/unsteady/re4001.png Graphic file (type png)

<use images/unsteady/re4001.png>
Package pdftex.def Info: images/unsteady/re4001.png used on input line 509.
(pdftex.def)             Requested size: 85.57382pt x 76.04778pt.

<images/unsteady/re4002.png, id=905, 1371.1225pt x 1218.5525pt>
File: images/unsteady/re4002.png Graphic file (type png)

<use images/unsteady/re4002.png>
Package pdftex.def Info: images/unsteady/re4002.png used on input line 509.
(pdftex.def)             Requested size: 85.57382pt x 76.04778pt.

<images/unsteady/re4003.png, id=906, 1371.1225pt x 1218.5525pt>
File: images/unsteady/re4003.png Graphic file (type png)

<use images/unsteady/re4003.png>
Package pdftex.def Info: images/unsteady/re4003.png used on input line 509.
(pdftex.def)             Requested size: 85.57382pt x 76.04778pt.

<images/unsteady/re4004.png, id=907, 1371.1225pt x 1218.5525pt>
File: images/unsteady/re4004.png Graphic file (type png)

<use images/unsteady/re4004.png>
Package pdftex.def Info: images/unsteady/re4004.png used on input line 509.
(pdftex.def)             Requested size: 85.57382pt x 76.04778pt.

Overfull \hbox (26.40929pt too wide) has occurred while \output is active
 [][]  \OT1/cmss/m/n/6 ([])  
 []


Overfull \hbox (210.50371pt too wide) has occurred while \output is active
 [][][][]  
 []

[32

 <F:/BTP2.0/ppt/sizil/images/unsteady/re40010.png (PNG copy)> <F:/BTP2.0/ppt/si
zil/images/unsteady/re40011.png (PNG copy)> <F:/BTP2.0/ppt/sizil/images/unstead
y/re40012.png (PNG copy)> <F:/BTP2.0/ppt/sizil/images/unsteady/re40013.png (PNG
 copy)> <F:/BTP2.0/ppt/sizil/images/unsteady/re4001.png (PNG copy)> <F:/BTP2.0/
ppt/sizil/images/unsteady/re4002.png (PNG copy)> <F:/BTP2.0/ppt/sizil/images/un
steady/re4003.png (PNG copy)> <F:/BTP2.0/ppt/sizil/images/unsteady/re4004.png (
PNG copy)>]
<images/stagerred/domain1.png, id=934, 545.03625pt x 483.8075pt>
File: images/stagerred/domain1.png Graphic file (type png)

<use images/stagerred/domain1.png>
Package pdftex.def Info: images/stagerred/domain1.png used on input line 520.
(pdftex.def)             Requested size: 136.91603pt x 121.53477pt.

Overfull \vbox (0.59338pt too high) detected at line 520
 []


Overfull \hbox (26.40929pt too wide) has occurred while \output is active
 [][]  \OT1/cmss/m/n/6 ([])  
 []


Overfull \hbox (210.50371pt too wide) has occurred while \output is active
 [][][][]  
 []

[33

 <F:/BTP2.0/ppt/sizil/images/stagerred/domain1.png (PNG copy)>]
<images/stagerred/one.png, id=961, 1371.1225pt x 1218.5525pt>
File: images/stagerred/one.png Graphic file (type png)

<use images/stagerred/one.png>
Package pdftex.def Info: images/stagerred/one.png used on input line 534.
(pdftex.def)             Requested size: 85.57382pt x 76.04778pt.

<images/stagerred/two.png, id=962, 1028.34187pt x 913.91437pt>
File: images/stagerred/two.png Graphic file (type png)

<use images/stagerred/two.png>
Package pdftex.def Info: images/stagerred/two.png used on input line 534.
(pdftex.def)             Requested size: 85.57382pt x 76.04312pt.

<images/stagerred/three.png, id=963, 1371.1225pt x 1218.5525pt>
File: images/stagerred/three.png Graphic file (type png)

<use images/stagerred/three.png>
Package pdftex.def Info: images/stagerred/three.png used on input line 534.
(pdftex.def)             Requested size: 85.57382pt x 76.04778pt.

Overfull \hbox (26.40929pt too wide) has occurred while \output is active
 [][]  \OT1/cmss/m/n/6 ([])  
 []


Overfull \hbox (210.50371pt too wide) has occurred while \output is active
 [][][][]  
 []

[34

 <F:/BTP2.0/ppt/sizil/images/stagerred/one.png (PNG copy)> <F:/BTP2.0/ppt/sizil
/images/stagerred/two.png> <F:/BTP2.0/ppt/sizil/images/stagerred/three.png (PNG
 copy)>]
Overfull \hbox (26.40929pt too wide) has occurred while \output is active
 [][]  \OT1/cmss/m/n/6 ([])  
 []


Overfull \hbox (210.50371pt too wide) has occurred while \output is active
 [][][][]  
 []

[35

] <images/stagerred/400block.png, id=1017, 1204.5pt x 1204.5pt>
File: images/stagerred/400block.png Graphic file (type png)

<use images/stagerred/400block.png>
Package pdftex.def Info: images/stagerred/400block.png used on input line 547.
(pdftex.def)             Requested size: 167.72658pt x 167.72827pt.

<images/stagerred/800block.png, id=1018, 1204.5pt x 1204.5pt>
File: images/stagerred/800block.png Graphic file (type png)

<use images/stagerred/800block.png>
Package pdftex.def Info: images/stagerred/800block.png used on input line 547.
(pdftex.def)             Requested size: 167.72658pt x 167.72827pt.

Overfull \vbox (0.65768pt too high) detected at line 547
 []


Overfull \hbox (26.40929pt too wide) has occurred while \output is active
 [][]  \OT1/cmss/m/n/6 ([])  
 []


Overfull \hbox (210.50371pt too wide) has occurred while \output is active
 [][][][]  
 []

[36

 <F:/BTP2.0/ppt/sizil/images/stagerred/400block.png> <F:/BTP2.0/ppt/sizil/image
s/stagerred/800block.png>]
<images/stagerred/re400psiP.png, id=1047, 536.0025pt x 527.72156pt>
File: images/stagerred/re400psiP.png Graphic file (type png)

<use images/stagerred/re400psiP.png>
Package pdftex.def Info: images/stagerred/re400psiP.png used on input line 557.

(pdftex.def)             Requested size: 85.57382pt x 84.24391pt.

<images/stagerred/re400omegaP.png, id=1048, 456.20438pt x 457.71pt>
File: images/stagerred/re400omegaP.png Graphic file (type png)

<use images/stagerred/re400omegaP.png>
Package pdftex.def Info: images/stagerred/re400omegaP.png used on input line 55
7.
(pdftex.def)             Requested size: 85.57382pt x 85.85533pt.

<images/stagerred/repsi400.png, id=1049, 1371.1225pt x 1218.5525pt>
File: images/stagerred/repsi400.png Graphic file (type png)

<use images/stagerred/repsi400.png>
Package pdftex.def Info: images/stagerred/repsi400.png used on input line 557.
(pdftex.def)             Requested size: 85.57382pt x 76.04778pt.

<images/stagerred/re400omega.png, id=1050, 1371.1225pt x 1218.5525pt>
File: images/stagerred/re400omega.png Graphic file (type png)

<use images/stagerred/re400omega.png>
Package pdftex.def Info: images/stagerred/re400omega.png used on input line 557
.
(pdftex.def)             Requested size: 85.57382pt x 76.04778pt.

Overfull \hbox (26.40929pt too wide) has occurred while \output is active
 [][]  \OT1/cmss/m/n/6 ([])  
 []


Overfull \hbox (210.50371pt too wide) has occurred while \output is active
 [][][][]  
 []

[37

 <F:/BTP2.0/ppt/sizil/images/stagerred/re400psiP.png> <F:/BTP2.0/ppt/sizil/imag
es/stagerred/re400omegaP.png> <F:/BTP2.0/ppt/sizil/images/stagerred/repsi400.pn
g (PNG copy)> <F:/BTP2.0/ppt/sizil/images/stagerred/re400omega.png (PNG copy)>]
 <images/stagerred/re1000psi.png, id=1079, 1003.75pt x 892.33376pt>
File: images/stagerred/re1000psi.png Graphic file (type png)

<use images/stagerred/re1000psi.png>
Package pdftex.def Info: images/stagerred/re1000psi.png used on input line 565.

(pdftex.def)             Requested size: 167.72658pt x 149.10771pt.

<images/stagerred/re1000psiN.png, id=1080, 529.98pt x 526.96875pt>
File: images/stagerred/re1000psiN.png Graphic file (type png)

<use images/stagerred/re1000psiN.png>
Package pdftex.def Info: images/stagerred/re1000psiN.png used on input line 565
.
(pdftex.def)             Requested size: 133.49495pt x 132.73892pt.

Overfull \hbox (26.40929pt too wide) has occurred while \output is active
 [][]  \OT1/cmss/m/n/6 ([])  
 []


Overfull \hbox (210.50371pt too wide) has occurred while \output is active
 [][][][]  
 []

[38

 <F:/BTP2.0/ppt/sizil/images/stagerred/re1000psi.png (PNG copy)> <F:/BTP2.0/ppt
/sizil/images/stagerred/re1000psiN.png>]
<images/jesus/domain.png, id=1107, 462.72874pt x 378.41376pt>
File: images/jesus/domain.png Graphic file (type png)

<use images/jesus/domain.png>
Package pdftex.def Info: images/jesus/domain.png used on input line 573.
(pdftex.def)             Requested size: 136.91603pt x 111.96599pt.

Overfull \hbox (26.40929pt too wide) has occurred while \output is active
 [][]  \OT1/cmss/m/n/6 ([])  
 []


Overfull \hbox (210.50371pt too wide) has occurred while \output is active
 [][][][]  
 []

[39

 <F:/BTP2.0/ppt/sizil/images/jesus/domain.png (PNG copy)>]
Overfull \hbox (26.40929pt too wide) has occurred while \output is active
 [][]  \OT1/cmss/m/n/6 ([])  
 []


Overfull \hbox (210.50371pt too wide) has occurred while \output is active
 [][][][]  
 []

[40

] <images/jesus/re200psi.png, id=1161, 1003.75pt x 892.33376pt>
File: images/jesus/re200psi.png Graphic file (type png)

<use images/jesus/re200psi.png>
Package pdftex.def Info: images/jesus/re200psi.png used on input line 605.
(pdftex.def)             Requested size: 85.57382pt x 76.07202pt.

<images/jesus/re200omega.png, id=1162, 1003.75pt x 892.33376pt>
File: images/jesus/re200omega.png Graphic file (type png)

<use images/jesus/re200omega.png>
Package pdftex.def Info: images/jesus/re200omega.png used on input line 605.
(pdftex.def)             Requested size: 85.57382pt x 76.07202pt.

<images/jesus/re200psiP.png, id=1163, 526.96875pt x 477.28313pt>
File: images/jesus/re200psiP.png Graphic file (type png)

<use images/jesus/re200psiP.png>
Package pdftex.def Info: images/jesus/re200psiP.png used on input line 605.
(pdftex.def)             Requested size: 85.57382pt x 77.50296pt.

<images/jesus/re200omegaP.png, id=1164, 502.87875pt x 473.51906pt>
File: images/jesus/re200omegaP.png Graphic file (type png)

<use images/jesus/re200omegaP.png>
Package pdftex.def Info: images/jesus/re200omegaP.png used on input line 605.
(pdftex.def)             Requested size: 85.57382pt x 80.57664pt.

Overfull \hbox (26.40929pt too wide) has occurred while \output is active
 [][]  \OT1/cmss/m/n/6 ([])  
 []


Overfull \hbox (210.50371pt too wide) has occurred while \output is active
 [][][][]  
 []

[41

 <F:/BTP2.0/ppt/sizil/images/jesus/re200psi.png (PNG copy)> <F:/BTP2.0/ppt/sizi
l/images/jesus/re200omega.png (PNG copy)> <F:/BTP2.0/ppt/sizil/images/jesus/re2
00psiP.png> <F:/BTP2.0/ppt/sizil/images/jesus/re200omegaP.png>]
<images/l30l/domain.png, id=1191, 639.13782pt x 271.0125pt>
File: images/l30l/domain.png Graphic file (type png)

<use images/l30l/domain.png>
Package pdftex.def Info: images/l30l/domain.png used on input line 622.
(pdftex.def)             Requested size: 171.14764pt x 72.57059pt.

Overfull \hbox (26.40929pt too wide) has occurred while \output is active
 [][]  \OT1/cmss/m/n/6 ([])  
 []


Overfull \hbox (210.50371pt too wide) has occurred while \output is active
 [][][][]  
 []

[42

 <F:/BTP2.0/ppt/sizil/images/l30l/domain.png>]
Overfull \hbox (26.40929pt too wide) has occurred while \output is active
 [][]  \OT1/cmss/m/n/6 ([])  
 []


Overfull \hbox (210.50371pt too wide) has occurred while \output is active
 [][][][]  
 []

[43

] <images/l30l/our400.png, id=1245, 1927.2pt x 1713.40125pt>
File: images/l30l/our400.png Graphic file (type png)

<use images/l30l/our400.png>
Package pdftex.def Info: images/l30l/our400.png used on input line 644.
(pdftex.def)             Requested size: 136.91603pt x 121.70201pt.

<images/l30l/sir400.png, id=1246, 874.01532pt x 747.54282pt>
File: images/l30l/sir400.png Graphic file (type png)

<use images/l30l/sir400.png>
Package pdftex.def Info: images/l30l/sir400.png used on input line 644.
(pdftex.def)             Requested size: 136.91603pt x 117.09984pt.

Overfull \hbox (26.40929pt too wide) has occurred while \output is active
 [][]  \OT1/cmss/m/n/6 ([])  
 []


Overfull \hbox (210.50371pt too wide) has occurred while \output is active
 [][][][]  
 []

[44

 <F:/BTP2.0/ppt/sizil/images/l30l/our400.png> <F:/BTP2.0/ppt/sizil/images/l30l/
sir400.png>] <figures/l30l/400psi.png, id=1273, 1927.2pt x 1713.40125pt>
File: figures/l30l/400psi.png Graphic file (type png)

<use figures/l30l/400psi.png>
Package pdftex.def Info: figures/l30l/400psi.png used on input line 657.
(pdftex.def)             Requested size: 85.57382pt x 76.0801pt.

<figures/l30l/400omega.png, id=1274, 1927.2pt x 1713.40125pt>
File: figures/l30l/400omega.png Graphic file (type png)

<use figures/l30l/400omega.png>
Package pdftex.def Info: figures/l30l/400omega.png used on input line 657.
(pdftex.def)             Requested size: 85.57382pt x 76.0801pt.

<figures/sir/re400psi.png, id=1275, 694.09312pt x 197.98969pt>
File: figures/sir/re400psi.png Graphic file (type png)

<use figures/sir/re400psi.png>
Package pdftex.def Info: figures/sir/re400psi.png used on input line 657.
(pdftex.def)             Requested size: 171.14764pt x 48.82057pt.

Overfull \vbox (0.37453pt too high) detected at line 657
 []


Overfull \hbox (26.40929pt too wide) has occurred while \output is active
 [][]  \OT1/cmss/m/n/6 ([])  
 []


Overfull \hbox (210.50371pt too wide) has occurred while \output is active
 [][][][]  
 []

[45

 <F:/BTP2.0/ppt/sizil/figures/l30l/400psi.png (PNG copy)> <F:/BTP2.0/ppt/sizil/
figures/l30l/400omega.png (PNG copy)> <F:/BTP2.0/ppt/sizil/figures/sir/re400psi
.png>] <figures/cuda/psi.png, id=1303, 725.71124pt x 645.41125pt>
File: figures/cuda/psi.png Graphic file (type png)

<use figures/cuda/psi.png>
Package pdftex.def Info: figures/cuda/psi.png used on input line 667.
(pdftex.def)             Requested size: 85.57382pt x 76.0968pt.

<figures/cuda/psizoom.png, id=1304, 725.71124pt x 645.41125pt>
File: figures/cuda/psizoom.png Graphic file (type png)

<use figures/cuda/psizoom.png>
Package pdftex.def Info: figures/cuda/psizoom.png used on input line 667.
(pdftex.def)             Requested size: 85.57382pt x 76.0968pt.

Overfull \hbox (26.40929pt too wide) has occurred while \output is active
 [][]  \OT1/cmss/m/n/6 ([])  
 []


Overfull \hbox (210.50371pt too wide) has occurred while \output is active
 [][][][]  
 []

[46

 <F:/BTP2.0/ppt/sizil/figures/cuda/psi.png (PNG copy)> <F:/BTP2.0/ppt/sizil/fig
ures/cuda/psizoom.png (PNG copy)>]
<figures/sir/re1vertex.png, id=1331, 1346.02875pt x 627.09282pt>
File: figures/sir/re1vertex.png Graphic file (type png)

<use figures/sir/re1vertex.png>
Package pdftex.def Info: figures/sir/re1vertex.png used on input line 677.
(pdftex.def)             Requested size: 171.14764pt x 79.72601pt.

<figures/cuda/psizoom1.png, id=1332, 725.71124pt x 645.41125pt>
File: figures/cuda/psizoom1.png Graphic file (type png)

<use figures/cuda/psizoom1.png>
Package pdftex.def Info: figures/cuda/psizoom1.png used on input line 677.
(pdftex.def)             Requested size: 85.57382pt x 76.0968pt.

<figures/cuda/psizoom2.png, id=1333, 725.71124pt x 645.41125pt>
File: figures/cuda/psizoom2.png Graphic file (type png)

<use figures/cuda/psizoom2.png>
Package pdftex.def Info: figures/cuda/psizoom2.png used on input line 677.
(pdftex.def)             Requested size: 85.57382pt x 76.0968pt.

Overfull \hbox (26.40929pt too wide) has occurred while \output is active
 [][]  \OT1/cmss/m/n/6 ([])  
 []


Overfull \hbox (210.50371pt too wide) has occurred while \output is active
 [][][][]  
 []

[47

 <F:/BTP2.0/ppt/sizil/figures/sir/re1vertex.png> <F:/BTP2.0/ppt/sizil/figures/c
uda/psizoom1.png (PNG copy)> <F:/BTP2.0/ppt/sizil/figures/cuda/psizoom2.png (PN
G copy)>]
Overfull \hbox (26.40929pt too wide) has occurred while \output is active
 [][]  \OT1/cmss/m/n/6 ([])  
 []


Overfull \hbox (210.50371pt too wide) has occurred while \output is active
 [][][][]  
 []

[48

]
Overfull \hbox (26.40929pt too wide) has occurred while \output is active
 [][]  \OT1/cmss/m/n/6 ([])  
 []


Overfull \hbox (210.50371pt too wide) has occurred while \output is active
 [][][][]  
 []

[49

]
Missing character: There is no  in font cmss10!
Missing character: There is no  in font cmss10!
Missing character: There is no  in font cmss10!

Overfull \hbox (26.40929pt too wide) has occurred while \output is active
 [][]  \OT1/cmss/m/n/6 ([])  
 []


Overfull \hbox (210.50371pt too wide) has occurred while \output is active
 [][][][]  
 []

[50

]
\tf@nav=\write6
\tf@toc=\write7
\tf@snm=\write8
Package atveryend Info: Empty hook `BeforeClearDocument' on input line 714.
Package atveryend Info: Empty hook `AfterLastShipout' on input line 714.
 (F:\BTP2.0\ppt\sizil\template.aux)
Package atveryend Info: Executing hook `AtVeryEndDocument' on input line 714.
Package atveryend Info: Executing hook `AtEndAfterFileList' on input line 714.
Package rerunfilecheck Info: File `template.out' has not changed.
(rerunfilecheck)             Checksum: D41D8CD98F00B204E9800998ECF8427E;0.


LaTeX Font Warning: Size substitutions with differences
(Font)              up to 1.0pt have occurred.

Package atveryend Info: Empty hook `AtVeryVeryEnd' on input line 714.
 ) 
Here is how much of TeX's memory you used:
 30492 strings out of 493921
 582136 string characters out of 3147277
 757351 words of memory out of 3000000
 32980 multiletter control sequences out of 15000+200000
 11463 words of font info for 42 fonts, out of 3000000 for 9000
 841 hyphenation exceptions out of 8191
 56i,17n,69p,945b,1151s stack positions out of 5000i,500n,10000p,200000b,50000s
<C:/Program Files/MiKTeX 2.9/fonts/type1/public/amsfonts/cm/cmex10.pfb><C:/Pr
ogram Files/MiKTeX 2.9/fonts/type1/public/amsfonts/cm/cmmi10.pfb><C:/Program Fi
les/MiKTeX 2.9/fonts/type1/public/amsfonts/cm/cmmi6.pfb><C:/Program Files/MiKTe
X 2.9/fonts/type1/public/amsfonts/cm/cmmi8.pfb><C:/Program Files/MiKTeX 2.9/fon
ts/type1/public/amsfonts/cm/cmss10.pfb><C:/Program Files/MiKTeX 2.9/fonts/type1
/public/amsfonts/cm/cmss12.pfb><C:/Program Files/MiKTeX 2.9/fonts/type1/public/
amsfonts/cm/cmss8.pfb><C:/Program Files/MiKTeX 2.9/fonts/type1/public/amsfonts/
cm/cmss9.pfb><C:/Program Files/MiKTeX 2.9/fonts/type1/public/amsfonts/cm/cmssbx
10.pfb><C:/Program Files/MiKTeX 2.9/fonts/type1/public/amsfonts/cm/cmssi10.pfb>
<C:/Program Files/MiKTeX 2.9/fonts/type1/public/amsfonts/cm/cmssi8.pfb><C:/Prog
ram Files/MiKTeX 2.9/fonts/type1/public/amsfonts/cm/cmsy10.pfb><C:/Program File
s/MiKTeX 2.9/fonts/type1/public/amsfonts/cm/cmsy6.pfb><C:/Program Files/MiKTeX 
2.9/fonts/type1/public/amsfonts/cm/cmsy8.pfb><C:/Program Files/MiKTeX 2.9/fonts
/type1/public/amsfonts/cm/cmtt10.pfb><C:/Program Files/MiKTeX 2.9/fonts/type1/p
ublic/amsfonts/symbols/msam10.pfb>
Output written on template.pdf (50 pages, 2397709 bytes).
PDF statistics:
 1515 PDF objects out of 1728 (max. 8388607)
 110 named destinations out of 1000 (max. 500000)
 398 words of extra memory for PDF output out of 10000 (max. 10000000)

